#
# There is insufficient memory for the Java Runtime Environment to continue.
# Native memory allocation (malloc) failed to allocate 139460608 bytes for committing reserved memory.
# Possible reasons:
#   The system is out of physical RAM or swap space
#   In 32 bit mode, the process size limit was hit
# Possible solutions:
#   Reduce memory load on the system
#   Increase physical memory or swap space
#   Check if swap backing store is full
#   Use 64 bit Java on a 64 bit OS
#   Decrease Java heap size (-Xmx/-Xms)
#   Decrease number of Java threads
#   Decrease Java thread stack sizes (-Xss)
#   Set larger code cache with -XX:ReservedCodeCacheSize=
# This output file may be truncated or incomplete.
#
#  Out of Memory Error (os_linux.cpp:2827), pid=7201, tid=139644021499648
#
# JRE version: OpenJDK Runtime Environment (7.0_101) (build 1.7.0_101-b00)
# Java VM: OpenJDK 64-Bit Server VM (24.95-b01 mixed mode linux-amd64 compressed oops)
# Derivative: IcedTea 2.6.6
# Distribution: Ubuntu 14.04 LTS, package 7u101-2.6.6-0ubuntu0.14.04.1
# Failed to write core dump. Core dumps have been disabled. To enable core dumping, try "ulimit -c unlimited" before starting Java again
#

---------------  T H R E A D  ---------------

Current thread (0x00007f0174076000):  VMThread [stack: 0x00007f01683be000,0x00007f01684bf000] [id=7209]

Stack: [0x00007f01683be000,0x00007f01684bf000],  sp=0x00007f01684bd490,  free space=1021k
Native frames: (J=compiled Java code, j=interpreted, Vv=VM code, C=native code)
V  [libjvm.so+0x955705]
V  [libjvm.so+0x490c44]
V  [libjvm.so+0x7d0c9b]
V  [libjvm.so+0x7cb75f]
V  [libjvm.so+0x83ee5b]
V  [libjvm.so+0x83fcc0]
V  [libjvm.so+0x8403ab]
V  [libjvm.so+0x83c5e8]
V  [libjvm.so+0x83ce58]
V  [libjvm.so+0x7f34a3]
V  [libjvm.so+0x957104]
V  [libjvm.so+0x95b207]
V  [libjvm.so+0x959cc8]
V  [libjvm.so+0x95a129]
V  [libjvm.so+0x95a572]
V  [libjvm.so+0x7cdb62]

VM_Operation (0x00007f016132f3f0): ParallelGCFailedAllocation, mode: safepoint, requested by thread 0x00007f012c00d000


---------------  P R O C E S S  ---------------

Java Threads: ( => current thread )
  0x00007f012852e000 JavaThread "File lock request listener" [_thread_in_native, id=7227, stack(0x00007f0160f8d000,0x00007f016108e000)]
  0x00007f012823e000 JavaThread "process reaper" daemon [_thread_blocked, id=7226, stack(0x00007f016108e000,0x00007f01610c7000)]
  0x00007f0128007800 JavaThread "Stdin handler" [_thread_blocked, id=7224, stack(0x00007f0161133000,0x00007f0161234000)]
  0x00007f012c00d000 JavaThread "Daemon worker" [_thread_blocked, id=7221, stack(0x00007f0161234000,0x00007f0161335000)]
  0x00007f012c005800 JavaThread "Cancel handler" [_thread_blocked, id=7220, stack(0x00007f0161335000,0x00007f0161436000)]
  0x00007f012c007800 JavaThread "Handler for socket connection from /127.0.0.1:36071 to /127.0.0.1:56600" [_thread_in_native, id=7219, stack(0x00007f0161436000,0x00007f0161537000)]
  0x00007f0138029000 JavaThread "Daemon" [_thread_blocked, id=7218, stack(0x00007f0161537000,0x00007f0161638000)]
  0x00007f0174a0f800 JavaThread "Incoming local TCP Connector on port 36071" [_thread_in_native, id=7217, stack(0x00007f0161638000,0x00007f0161739000)]
  0x00007f01740ae800 JavaThread "Service Thread" daemon [_thread_blocked, id=7215, stack(0x00007f01634ea000,0x00007f01635eb000)]
  0x00007f01740ac000 JavaThread "C2 CompilerThread1" daemon [_thread_blocked, id=7214, stack(0x00007f01635eb000,0x00007f01636ec000)]
  0x00007f01740a9000 JavaThread "C2 CompilerThread0" daemon [_thread_blocked, id=7213, stack(0x00007f01636ec000,0x00007f01637ed000)]
  0x00007f01740a7000 JavaThread "Signal Dispatcher" daemon [_thread_blocked, id=7212, stack(0x00007f01680bb000,0x00007f01681bc000)]
  0x00007f017407c000 JavaThread "Finalizer" daemon [_thread_blocked, id=7211, stack(0x00007f01681bc000,0x00007f01682bd000)]
  0x00007f017407a000 JavaThread "Reference Handler" daemon [_thread_blocked, id=7210, stack(0x00007f01682bd000,0x00007f01683be000)]
  0x00007f017400a800 JavaThread "main" [_thread_blocked, id=7203, stack(0x00007f017ae30000,0x00007f017af31000)]

Other Threads:
=>0x00007f0174076000 VMThread [stack: 0x00007f01683be000,0x00007f01684bf000] [id=7209]
  0x00007f01740b9000 WatcherThread [stack: 0x00007f01633e9000,0x00007f01634ea000] [id=7216]

VM state:at safepoint (normal execution)

VM Mutex/Monitor currently owned by a thread:  ([mutex/lock_event])
[0x00007f01740069d0] Threads_lock - owner thread: 0x00007f0174076000
[0x00007f0174006ed0] Heap_lock - owner thread: 0x00007f012c00d000

Heap
 PSYoungGen      total 138240K, used 12769K [0x00000000eaa80000, 0x00000000f3f80000, 0x0000000100000000)
  eden space 125440K, 0% used [0x00000000eaa80000,0x00000000eaa80000,0x00000000f2500000)
  from space 12800K, 99% used [0x00000000f2500000,0x00000000f3178590,0x00000000f3180000)
  to   space 11264K, 0% used [0x00000000f3180000,0x00000000f3180000,0x00000000f3c80000)
 ParOldGen       total 40960K, used 24098K [0x00000000c0000000, 0x00000000c2800000, 0x00000000eaa80000)
  object space 40960K, 58% used [0x00000000c0000000,0x00000000c1788878,0x00000000c2800000)
 PSPermGen       total 33792K, used 33341K [0x00000000b0000000, 0x00000000b2100000, 0x00000000c0000000)
  object space 33792K, 98% used [0x00000000b0000000,0x00000000b208f4d0,0x00000000b2100000)

Card table byte_map: [0x00007f017075f000,0x00007f01709e0000] byte_map_base: 0x00007f01701df000

Polling page: 0x00007f017af56000

Code Cache  [0x00007f01709e0000, 0x00007f0170d10000, 0x00007f01739e0000)
 total_blobs=1126 nmethods=525 adapters=554 free_code_cache=45973Kb largest_free_block=47017408

Compilation events (10 events):
Event: 20.236 Thread 0x00007f01740a9000 nmethod 583 0x00007f0170bdb250 code [0x00007f0170bdb380, 0x00007f0170bdb3d8]
Event: 20.236 Thread 0x00007f01740a9000  584             org.objectweb.asm.ByteVector::putByte (39 bytes)
Event: 20.237 Thread 0x00007f01740a9000 nmethod 584 0x00007f0170cc7690 code [0x00007f0170cc77e0, 0x00007f0170cc78e8]
Event: 20.237 Thread 0x00007f01740a9000  585             org.codehaus.groovy.util.ComplexKeyHashMap::resize (103 bytes)
Event: 20.240 Thread 0x00007f01740a9000 nmethod 585 0x00007f0170ccd790 code [0x00007f0170ccd8e0, 0x00007f0170ccdb38]
Event: 20.240 Thread 0x00007f01740a9000  586             java.lang.Class::searchFields (41 bytes)
Event: 20.245 Thread 0x00007f01740a9000 nmethod 586 0x00007f0170ccc1d0 code [0x00007f0170ccc360, 0x00007f0170ccc678]
Event: 20.245 Thread 0x00007f01740a9000  587             java.lang.reflect.Field::getName (5 bytes)
Event: 20.245 Thread 0x00007f01740a9000 nmethod 587 0x00007f0170ccbf50 code [0x00007f0170ccc080, 0x00007f0170ccc0d8]
Event: 20.257 Thread 0x00007f01740a9000  588             java.beans.MethodRef::set (58 bytes)

GC Heap History (10 events):
Event: 0.957 GC heap after
Heap after GC invocations=2 (full 0):
 PSYoungGen      total 34304K, used 2302K [0x00000000eaa80000, 0x00000000ece80000, 0x0000000100000000)
  eden space 31744K, 0% used [0x00000000eaa80000,0x00000000eaa80000,0x00000000ec980000)
  from space 2560K, 89% used [0x00000000ecc00000,0x00000000ece3fa88,0x00000000ece80000)
  to   space 2560K, 0% used [0x00000000ec980000,0x00000000ec980000,0x00000000ecc00000)
 ParOldGen       total 40960K, used 382K [0x00000000c0000000, 0x00000000c2800000, 0x00000000eaa80000)
  object space 40960K, 0% used [0x00000000c0000000,0x00000000c005f9e8,0x00000000c2800000)
 PSPermGen       total 21504K, used 7471K [0x00000000b0000000, 0x00000000b1500000, 0x00000000c0000000)
  object space 21504K, 34% used [0x00000000b0000000,0x00000000b074bf00,0x00000000b1500000)
}
Event: 2.711 GC heap before
{Heap before GC invocations=3 (full 0):
 PSYoungGen      total 34304K, used 34046K [0x00000000eaa80000, 0x00000000ece80000, 0x0000000100000000)
  eden space 31744K, 100% used [0x00000000eaa80000,0x00000000ec980000,0x00000000ec980000)
  from space 2560K, 89% used [0x00000000ecc00000,0x00000000ece3fa88,0x00000000ece80000)
  to   space 2560K, 0% used [0x00000000ec980000,0x00000000ec980000,0x00000000ecc00000)
 ParOldGen       total 40960K, used 382K [0x00000000c0000000, 0x00000000c2800000, 0x00000000eaa80000)
  object space 40960K, 0% used [0x00000000c0000000,0x00000000c005f9e8,0x00000000c2800000)
 PSPermGen       total 21504K, used 12621K [0x00000000b0000000, 0x00000000b1500000, 0x00000000c0000000)
  object space 21504K, 58% used [0x00000000b0000000,0x00000000b0c53618,0x00000000b1500000)
Event: 2.729 GC heap after
Heap after GC invocations=3 (full 0):
 PSYoungGen      total 34304K, used 2560K [0x00000000eaa80000, 0x00000000eed80000, 0x0000000100000000)
  eden space 31744K, 0% used [0x00000000eaa80000,0x00000000eaa80000,0x00000000ec980000)
  from space 2560K, 100% used [0x00000000ec980000,0x00000000ecc00000,0x00000000ecc00000)
  to   space 2560K, 0% used [0x00000000eeb00000,0x00000000eeb00000,0x00000000eed80000)
 ParOldGen       total 40960K, used 4360K [0x00000000c0000000, 0x00000000c2800000, 0x00000000eaa80000)
  object space 40960K, 10% used [0x00000000c0000000,0x00000000c04420f8,0x00000000c2800000)
 PSPermGen       total 21504K, used 12621K [0x00000000b0000000, 0x00000000b1500000, 0x00000000c0000000)
  object space 21504K, 58% used [0x00000000b0000000,0x00000000b0c53618,0x00000000b1500000)
}
Event: 4.452 GC heap before
{Heap before GC invocations=4 (full 0):
 PSYoungGen      total 34304K, used 34304K [0x00000000eaa80000, 0x00000000eed80000, 0x0000000100000000)
  eden space 31744K, 100% used [0x00000000eaa80000,0x00000000ec980000,0x00000000ec980000)
  from space 2560K, 100% used [0x00000000ec980000,0x00000000ecc00000,0x00000000ecc00000)
  to   space 2560K, 0% used [0x00000000eeb00000,0x00000000eeb00000,0x00000000eed80000)
 ParOldGen       total 40960K, used 4360K [0x00000000c0000000, 0x00000000c2800000, 0x00000000eaa80000)
  object space 40960K, 10% used [0x00000000c0000000,0x00000000c04420f8,0x00000000c2800000)
 PSPermGen       total 21504K, used 18007K [0x00000000b0000000, 0x00000000b1500000, 0x00000000c0000000)
  object space 21504K, 83% used [0x00000000b0000000,0x00000000b1195e68,0x00000000b1500000)
Event: 4.477 GC heap after
Heap after GC invocations=4 (full 0):
 PSYoungGen      total 66048K, used 2528K [0x00000000eaa80000, 0x00000000eed80000, 0x0000000100000000)
  eden space 63488K, 0% used [0x00000000eaa80000,0x00000000eaa80000,0x00000000ee880000)
  from space 2560K, 98% used [0x00000000eeb00000,0x00000000eed78040,0x00000000eed80000)
  to   space 2560K, 0% used [0x00000000ee880000,0x00000000ee880000,0x00000000eeb00000)
 ParOldGen       total 40960K, used 8749K [0x00000000c0000000, 0x00000000c2800000, 0x00000000eaa80000)
  object space 40960K, 21% used [0x00000000c0000000,0x00000000c088b658,0x00000000c2800000)
 PSPermGen       total 21504K, used 18007K [0x00000000b0000000, 0x00000000b1500000, 0x00000000c0000000)
  object space 21504K, 83% used [0x00000000b0000000,0x00000000b1195e68,0x00000000b1500000)
}
Event: 6.296 GC heap before
{Heap before GC invocations=5 (full 0):
 PSYoungGen      total 66048K, used 66016K [0x00000000eaa80000, 0x00000000eed80000, 0x0000000100000000)
  eden space 63488K, 100% used [0x00000000eaa80000,0x00000000ee880000,0x00000000ee880000)
  from space 2560K, 98% used [0x00000000eeb00000,0x00000000eed78040,0x00000000eed80000)
  to   space 2560K, 0% used [0x00000000ee880000,0x00000000ee880000,0x00000000eeb00000)
 ParOldGen       total 40960K, used 8749K [0x00000000c0000000, 0x00000000c2800000, 0x00000000eaa80000)
  object space 40960K, 21% used [0x00000000c0000000,0x00000000c088b658,0x00000000c2800000)
 PSPermGen       total 23040K, used 22855K [0x00000000b0000000, 0x00000000b1680000, 0x00000000c0000000)
  object space 23040K, 99% used [0x00000000b0000000,0x00000000b1651e28,0x00000000b1680000)
Event: 6.312 GC heap after
Heap after GC invocations=5 (full 0):
 PSYoungGen      total 66048K, used 2544K [0x00000000eaa80000, 0x00000000f3c80000, 0x0000000100000000)
  eden space 63488K, 0% used [0x00000000eaa80000,0x00000000eaa80000,0x00000000ee880000)
  from space 2560K, 99% used [0x00000000ee880000,0x00000000eeafc010,0x00000000eeb00000)
  to   space 11264K, 0% used [0x00000000f3180000,0x00000000f3180000,0x00000000f3c80000)
 ParOldGen       total 40960K, used 15727K [0x00000000c0000000, 0x00000000c2800000, 0x00000000eaa80000)
  object space 40960K, 38% used [0x00000000c0000000,0x00000000c0f5be08,0x00000000c2800000)
 PSPermGen       total 23040K, used 22855K [0x00000000b0000000, 0x00000000b1680000, 0x00000000c0000000)
  object space 23040K, 99% used [0x00000000b0000000,0x00000000b1651e28,0x00000000b1680000)
}
Event: 16.266 GC heap before
{Heap before GC invocations=6 (full 0):
 PSYoungGen      total 66048K, used 66032K [0x00000000eaa80000, 0x00000000f3c80000, 0x0000000100000000)
  eden space 63488K, 100% used [0x00000000eaa80000,0x00000000ee880000,0x00000000ee880000)
  from space 2560K, 99% used [0x00000000ee880000,0x00000000eeafc010,0x00000000eeb00000)
  to   space 11264K, 0% used [0x00000000f3180000,0x00000000f3180000,0x00000000f3c80000)
 ParOldGen       total 40960K, used 15727K [0x00000000c0000000, 0x00000000c2800000, 0x00000000eaa80000)
  object space 40960K, 38% used [0x00000000c0000000,0x00000000c0f5be08,0x00000000c2800000)
 PSPermGen       total 28672K, used 28485K [0x00000000b0000000, 0x00000000b1c00000, 0x00000000c0000000)
  object space 28672K, 99% used [0x00000000b0000000,0x00000000b1bd15c0,0x00000000b1c00000)
Event: 16.302 GC heap after
Heap after GC invocations=6 (full 0):
 PSYoungGen      total 136704K, used 9359K [0x00000000eaa80000, 0x00000000f3f80000, 0x0000000100000000)
  eden space 125440K, 0% used [0x00000000eaa80000,0x00000000eaa80000,0x00000000f2500000)
  from space 11264K, 83% used [0x00000000f3180000,0x00000000f3aa3fe0,0x00000000f3c80000)
  to   space 12800K, 0% used [0x00000000f2500000,0x00000000f2500000,0x00000000f3180000)
 ParOldGen       total 40960K, used 15727K [0x00000000c0000000, 0x00000000c2800000, 0x00000000eaa80000)
  object space 40960K, 38% used [0x00000000c0000000,0x00000000c0f5be08,0x00000000c2800000)
 PSPermGen       total 28672K, used 28485K [0x00000000b0000000, 0x00000000b1c00000, 0x00000000c0000000)
  object space 28672K, 99% used [0x00000000b0000000,0x00000000b1bd15c0,0x00000000b1c00000)
}
Event: 20.259 GC heap before
{Heap before GC invocations=7 (full 0):
 PSYoungGen      total 136704K, used 134799K [0x00000000eaa80000, 0x00000000f3f80000, 0x0000000100000000)
  eden space 125440K, 100% used [0x00000000eaa80000,0x00000000f2500000,0x00000000f2500000)
  from space 11264K, 83% used [0x00000000f3180000,0x00000000f3aa3fe0,0x00000000f3c80000)
  to   space 12800K, 0% used [0x00000000f2500000,0x00000000f2500000,0x00000000f3180000)
 ParOldGen       total 40960K, used 15727K [0x00000000c0000000, 0x00000000c2800000, 0x00000000eaa80000)
  object space 40960K, 38% used [0x00000000c0000000,0x00000000c0f5be08,0x00000000c2800000)
 PSPermGen       total 33792K, used 33341K [0x00000000b0000000, 0x00000000b2100000, 0x00000000c0000000)
  object space 33792K, 98% used [0x00000000b0000000,0x00000000b208f4d0,0x00000000b2100000)

Deoptimization events (10 events):
Event: 19.373 Thread 0x00007f012c00d000 Uncommon trap: reason=unstable_if action=reinterpret pc=0x00007f0170beb2c8 method=java.util.AbstractCollection.toArray([Ljava/lang/Object;)[Ljava/lang/Object; @ 8
Event: 19.456 Thread 0x00007f012c00d000 Uncommon trap: reason=unstable_if action=reinterpret pc=0x00007f0170bc6c2c method=java.lang.ref.ReferenceQueue.poll()Ljava/lang/ref/Reference; @ 4
Event: 19.907 Thread 0x00007f012c00d000 Uncommon trap: reason=unstable_if action=reinterpret pc=0x00007f0170a91f34 method=java.util.Properties.load0(Ljava/util/Properties$LineReader;)V @ 145
Event: 20.172 Thread 0x00007f012c00d000 Uncommon trap: reason=array_check action=maybe_recompile pc=0x00007f0170cce554 method=java.util.ComparableTimSort.binarySort([Ljava/lang/Object;III)V @ 193
Event: 20.174 Thread 0x00007f012c00d000 Uncommon trap: reason=array_check action=maybe_recompile pc=0x00007f0170cce4d0 method=java.util.ComparableTimSort.binarySort([Ljava/lang/Object;III)V @ 215
Event: 20.174 Thread 0x00007f012c00d000 Uncommon trap: reason=array_check action=maybe_recompile pc=0x00007f0170cce554 method=java.util.ComparableTimSort.binarySort([Ljava/lang/Object;III)V @ 193
Event: 20.174 Thread 0x00007f012c00d000 Uncommon trap: reason=array_check action=maybe_recompile pc=0x00007f0170cce4d0 method=java.util.ComparableTimSort.binarySort([Ljava/lang/Object;III)V @ 215
Event: 20.201 Thread 0x00007f012c00d000 Uncommon trap: reason=array_check action=maybe_recompile pc=0x00007f0170bdd660 method=java.util.ComparableTimSort.binarySort([Ljava/lang/Object;III)V @ 215
Event: 20.248 Thread 0x00007f012c00d000 Uncommon trap: reason=array_check action=maybe_recompile pc=0x00007f0170cfe22c method=java.util.ComparableTimSort.binarySort([Ljava/lang/Object;III)V @ 183
Event: 20.250 Thread 0x00007f012c00d000 Uncommon trap: reason=array_check action=maybe_recompile pc=0x00007f0170cfe22c method=java.util.ComparableTimSort.binarySort([Ljava/lang/Object;III)V @ 183

Internal exceptions (10 events):
Event: 20.253 Thread 0x00007f012c00d000 Threw 0x00000000f24273d0 at /build/openjdk-7-9duhBW/openjdk-7-7u101-2.6.6/build/openjdk/hotspot/src/share/vm/prims/jvm.cpp:1322
Event: 20.253 Thread 0x00007f012c00d000 Threw 0x00000000f242d138 at /build/openjdk-7-9duhBW/openjdk-7-7u101-2.6.6/build/openjdk/hotspot/src/share/vm/prims/jvm.cpp:1322
Event: 20.253 Thread 0x00007f012c00d000 Threw 0x00000000f242d6f8 at /build/openjdk-7-9duhBW/openjdk-7-7u101-2.6.6/build/openjdk/hotspot/src/share/vm/classfile/systemDictionary.cpp:185
Event: 20.254 Thread 0x00007f012c00d000 Threw 0x00000000f246c348 at /build/openjdk-7-9duhBW/openjdk-7-7u101-2.6.6/build/openjdk/hotspot/src/share/vm/prims/jvm.cpp:1322
Event: 20.258 Thread 0x00007f012c00d000 Threw 0x00000000f24e9988 at /build/openjdk-7-9duhBW/openjdk-7-7u101-2.6.6/build/openjdk/hotspot/src/share/vm/prims/jvm.cpp:1322
Event: 20.258 Thread 0x00007f012c00d000 Threw 0x00000000f24f28d0 at /build/openjdk-7-9duhBW/openjdk-7-7u101-2.6.6/build/openjdk/hotspot/src/share/vm/prims/jvm.cpp:1322
Event: 20.258 Thread 0x00007f012c00d000 Threw 0x00000000f24f4a08 at /build/openjdk-7-9duhBW/openjdk-7-7u101-2.6.6/build/openjdk/hotspot/src/share/vm/prims/jvm.cpp:1322
Event: 20.258 Thread 0x00007f012c00d000 Threw 0x00000000f24f5a50 at /build/openjdk-7-9duhBW/openjdk-7-7u101-2.6.6/build/openjdk/hotspot/src/share/vm/prims/jvm.cpp:1322
Event: 20.258 Thread 0x00007f012c00d000 Threw 0x00000000f24fd0a8 at /build/openjdk-7-9duhBW/openjdk-7-7u101-2.6.6/build/openjdk/hotspot/src/share/vm/prims/jvm.cpp:1322
Event: 20.258 Thread 0x00007f012c00d000 Threw 0x00000000f24fd690 at /build/openjdk-7-9duhBW/openjdk-7-7u101-2.6.6/build/openjdk/hotspot/src/share/vm/classfile/systemDictionary.cpp:185

Events (10 events):
Event: 20.253 loading class 0x00007f0128cf8ca0 done
Event: 20.254 loading class 0x00007f012884f540
Event: 20.254 loading class 0x00007f012884f540 done
Event: 20.258 loading class 0x00007f012883c940
Event: 20.258 loading class 0x00007f012883c940 done
Event: 20.258 loading class 0x00007f012883c940
Event: 20.258 loading class 0x00007f012883c940 done
Event: 20.258 loading class 0x00007f012883c940
Event: 20.258 loading class 0x00007f012883c940 done
Event: 20.259 Executing VM operation: ParallelGCFailedAllocation


Dynamic libraries:
00400000-00401000 r-xp 00000000 08:12 6819159                            /usr/lib/jvm/java-7-openjdk-amd64/jre/bin/java
00600000-00601000 r--p 00000000 08:12 6819159                            /usr/lib/jvm/java-7-openjdk-amd64/jre/bin/java
00601000-00602000 rw-p 00001000 08:12 6819159                            /usr/lib/jvm/java-7-openjdk-amd64/jre/bin/java
00b31000-00b52000 rw-p 00000000 00:00 0                                  [heap]
b0000000-b2100000 rw-p 00000000 00:00 0 
b2100000-c0000000 rw-p 00000000 00:00 0 
c0000000-c2800000 rw-p 00000000 00:00 0 
c2800000-eaa80000 rw-p 00000000 00:00 0 
eaa80000-f3f80000 rw-p 00000000 00:00 0 
fc480000-100000000 rw-p 00000000 00:00 0 
7f0114000000-7f0114021000 rw-p 00000000 00:00 0 
7f0114021000-7f0118000000 ---p 00000000 00:00 0 
7f011c000000-7f011c021000 rw-p 00000000 00:00 0 
7f011c021000-7f0120000000 ---p 00000000 00:00 0 
7f0120000000-7f0120021000 rw-p 00000000 00:00 0 
7f0120021000-7f0124000000 ---p 00000000 00:00 0 
7f0124000000-7f0124021000 rw-p 00000000 00:00 0 
7f0124021000-7f0128000000 ---p 00000000 00:00 0 
7f0128000000-7f0128d06000 rw-p 00000000 00:00 0 
7f0128d06000-7f012c000000 ---p 00000000 00:00 0 
7f012c000000-7f012c021000 rw-p 00000000 00:00 0 
7f012c021000-7f0130000000 ---p 00000000 00:00 0 
7f0130000000-7f0130021000 rw-p 00000000 00:00 0 
7f0130021000-7f0134000000 ---p 00000000 00:00 0 
7f0134000000-7f0134021000 rw-p 00000000 00:00 0 
7f0134021000-7f0138000000 ---p 00000000 00:00 0 
7f0138000000-7f013802e000 rw-p 00000000 00:00 0 
7f013802e000-7f013c000000 ---p 00000000 00:00 0 
7f013c000000-7f013d968000 rw-p 00000000 00:00 0 
7f013d968000-7f0140000000 ---p 00000000 00:00 0 
7f0140000000-7f0140021000 rw-p 00000000 00:00 0 
7f0140021000-7f0144000000 ---p 00000000 00:00 0 
7f0144000000-7f0144021000 rw-p 00000000 00:00 0 
7f0144021000-7f0148000000 ---p 00000000 00:00 0 
7f0148000000-7f014961e000 rw-p 00000000 00:00 0 
7f014961e000-7f014c000000 ---p 00000000 00:00 0 
7f014c000000-7f014c021000 rw-p 00000000 00:00 0 
7f014c021000-7f0150000000 ---p 00000000 00:00 0 
7f0150000000-7f0150021000 rw-p 00000000 00:00 0 
7f0150021000-7f0154000000 ---p 00000000 00:00 0 
7f0154000000-7f0154021000 rw-p 00000000 00:00 0 
7f0154021000-7f0158000000 ---p 00000000 00:00 0 
7f0158000000-7f0158041000 rw-p 00000000 00:00 0 
7f0158041000-7f015c000000 ---p 00000000 00:00 0 
7f015c000000-7f015c021000 rw-p 00000000 00:00 0 
7f015c021000-7f0160000000 ---p 00000000 00:00 0 
7f0160c26000-7f0160c27000 rw-p 00000000 00:00 0 
7f0160c27000-7f0160c2f000 r-xp 00000000 08:12 7081652                    /usr/lib/jvm/java-7-openjdk-amd64/jre/lib/amd64/libmanagement.so
7f0160c2f000-7f0160e2e000 ---p 00008000 08:12 7081652                    /usr/lib/jvm/java-7-openjdk-amd64/jre/lib/amd64/libmanagement.so
7f0160e2e000-7f0160e2f000 r--p 00007000 08:12 7081652                    /usr/lib/jvm/java-7-openjdk-amd64/jre/lib/amd64/libmanagement.so
7f0160e2f000-7f0160e30000 rw-p 00008000 08:12 7081652                    /usr/lib/jvm/java-7-openjdk-amd64/jre/lib/amd64/libmanagement.so
7f0160e30000-7f0160e32000 r--s 00005000 08:12 18219279                   /root/.gradle/caches/modules-2/files-2.1/org.abego.treelayout/org.abego.treelayout.core/1.0.1/e31e79cba7a5414cf18fa69f3f0a2cf9ee997b61/org.abego.treelayout.core-1.0.1.jar
7f0160e32000-7f0160e3a000 r--s 000a8000 08:12 18219278                   /root/.gradle/caches/modules-2/files-2.1/com.android.tools.external.lombok/lombok-ast/0.2.3/528b6f8bde3157f17530aa366631f2aad2a6cf9/lombok-ast-0.2.3.jar
7f0160e3a000-7f0160e3c000 r--s 0000d000 08:12 18219277                   /root/.gradle/caches/modules-2/files-2.1/commons-codec/commons-codec/1.4/4216af16d38465bbab0f3dff8efa14204f7a399a/commons-codec-1.4.jar
7f0160e3c000-7f0160e3e000 r--s 0000d000 08:12 18219276                   /root/.gradle/caches/modules-2/files-2.1/commons-logging/commons-logging/1.1.1/5043bfebc3db072ed80fbd362e7caf00e885d8ae/commons-logging-1.1.1.jar
7f0160e3e000-7f0160e43000 r--s 00028000 08:12 18219275                   /root/.gradle/caches/modules-2/files-2.1/org.apache.httpcomponents/httpcore/4.1/33fc26c02f8043ab0ede19eadc8c9885386b255c/httpcore-4.1.jar
7f0160e43000-7f0160e44000 r--s 00004000 08:12 18219274                   /root/.gradle/caches/modules-2/files-2.1/com.intellij/annotations/12.0/bbcf6448f6d40abe506e2c83b70a3e8bfd2b4539/annotations-12.0.jar
7f0160e44000-7f0160e45000 r--s 00002000 08:12 18219273                   /root/.gradle/caches/modules-2/files-2.1/com.tunnelvisionlabs/antlr4-annotations/4.5/2c5996120a0ac690de575bd8ac36250e6720a6b8/antlr4-annotations-4.5.jar
7f0160e45000-7f0160e4c000 r--s 00062000 08:12 18219272                   /root/.gradle/caches/modules-2/files-2.1/com.tunnelvisionlabs/antlr4-runtime/4.5/5067478827a98f5ab77d9fc577903edc57af3da4/antlr4-runtime-4.5.jar
7f0160e4c000-7f0160e4d000 r--s 00004000 08:12 18219271                   /root/.gradle/caches/modules-2/files-2.1/org.ow2.asm/asm-analysis/5.0.3/c7126aded0e8e13fed5f913559a0dd7b770a10f3/asm-analysis-5.0.3.jar
7f0160e4d000-7f0160e50000 r--s 0002d000 08:12 18219270                   /root/.gradle/caches/modules-2/files-2.1/com.android.tools.lint/lint-api/24.5.0/7d93eb96a2f07860ab8d9ae761ebe5c416777fcf/lint-api-24.5.0.jar
7f0160e50000-7f0160e54000 r--s 00037000 08:12 18219269                   /root/.gradle/caches/modules-2/files-2.1/org.antlr/ST4/4.0.8/a1c55e974f8a94d78e2348fa6ff63f4fa1fae64/ST4-4.0.8.jar
7f0160e54000-7f0160e55000 r--s 0000a000 08:12 18219268                   /root/.gradle/caches/modules-2/files-2.1/net.sf.kxml/kxml2/2.3.0/ccbc77a5fd907ef863c29f3596c6f54ffa4e9442/kxml2-2.3.0.jar
7f0160e55000-7f0160e57000 r--s 00005000 08:12 18219267                   /root/.gradle/caches/modules-2/files-2.1/org.apache.httpcomponents/httpmime/4.1/9ba2dcdf94ce35c8a8e9bff242db0618ca932e92/httpmime-4.1.jar
7f0160e57000-7f0160e5f000 r--s 0004e000 08:12 18219266                   /root/.gradle/caches/modules-2/files-2.1/org.apache.httpcomponents/httpclient/4.1.1/3d1d918f32709e33ba7ddb2c4e8d1c543ebe713e/httpclient-4.1.1.jar
7f0160e5f000-7f0160e66000 r--s 00053000 08:12 18219265                   /root/.gradle/caches/modules-2/files-2.1/org.apache.commons/commons-compress/1.8.1/a698750c16740fd5b3871425f4cb3bbaa87f529d/commons-compress-1.8.1.jar
7f0160e66000-7f0160e6b000 r--s 0002a000 08:12 18219264                   /root/.gradle/caches/modules-2/files-2.1/com.google.code.gson/gson/2.2.4/a60a5e993c98c864010053cb901b7eab25306568/gson-2.2.4.jar
7f0160e6b000-7f0160e6c000 r--s 00005000 08:12 18219263                   /root/.gradle/caches/modules-2/files-2.1/com.android.tools/dvlib/24.5.0/bb3cda7db1fa6c9543e887a8c451d0449e76fa4/dvlib-24.5.0.jar
7f0160e6c000-7f0160e6f000 r--s 00013000 08:12 18219262                   /root/.gradle/caches/modules-2/files-2.1/com.android.tools.layoutlib/layoutlib-api/24.5.0/387949832720a36855711d2033cd4122e945f36e/layoutlib-api-24.5.0.jar
7f0160e6f000-7f0160e74000 r--s 00058000 08:12 18219261                   /root/.gradle/caches/modules-2/files-2.1/org.ow2.asm/asm-debug-all/5.0.1/f69b5f7d96cec0d448acf1c1a266584170c9643b/asm-debug-all-5.0.1.jar
7f0160e74000-7f0160e84000 r--s 000d6000 08:12 18219260                   /root/.gradle/caches/modules-2/files-2.1/net.sf.proguard/proguard-base/5.2.1/4f61348b4e7c943b85679dcb697f3a5fc3101921/proguard-base-5.2.1.jar
7f0160e84000-7f0160e87000 r--s 00033000 08:12 18219259                   /root/.gradle/caches/modules-2/files-2.1/com.googlecode.juniversalchardet/juniversalchardet/1.0.3/cd49678784c46aa8789c060538e0154013bb421b/juniversalchardet-1.0.3.jar
7f0160e87000-7f0160e8b000 r--s 0002a000 08:12 18219258                   /root/.gradle/caches/modules-2/files-2.1/commons-io/commons-io/2.4/b1b6ea3b7e4aa4f492509a4952029cd8e48019ad/commons-io-2.4.jar
7f0160e8b000-7f0160e95000 r--s 00099000 08:12 18219257                   /root/.gradle/caches/modules-2/files-2.1/com.tunnelvisionlabs/antlr4/4.5/a0e860e317147848e69ac145bc5196901a9993bf/antlr4-4.5.jar
7f0160e95000-7f0160e9c000 r--s 0005e000 08:12 18219256                   /root/.gradle/caches/modules-2/files-2.1/org.apache.commons/commons-lang3/3.3.2/90a3822c38ec8c996e84c16a3477ef632cbc87a3/commons-lang3-3.3.2.jar
7f0160e9c000-7f0160e9d000 r--s 00002000 08:12 18219255                   /root/.gradle/caches/modules-2/files-2.1/com.android.databinding/baseLibrary/1.0-rc5/4d15bfec5956b906a26527dbde26a4fc84326611/baseLibrary-1.0-rc5.jar
7f0160e9d000-7f0160ec8000 r--s 001f9000 08:12 18219254                   /root/.gradle/caches/modules-2/files-2.1/com.google.guava/guava/17.0/9c6ef172e8de35fd8d4d8783e4821e57cdef7445/guava-17.0.jar
7f0160ec8000-7f0160ec9000 r--s 00001000 08:12 18219253                   /root/.gradle/caches/modules-2/files-2.1/com.android.tools/annotations/24.5.0/7f2bcdf40b008f15481324327b7f9e377b0b1697/annotations-24.5.0.jar
7f0160ec9000-7f0160edb000 r--s 00223000 08:12 18219252                   /root/.gradle/caches/modules-2/files-2.1/org.eclipse.jdt.core.compiler/ecj/4.4.2/71d67f5bab9465ec844596ef844f40902ae25392/ecj-4.4.2.jar
7f0160edb000-7f0160ee1000 r--s 000af000 08:12 18219251                   /root/.gradle/caches/modules-2/files-2.1/com.android.tools.lint/lint-checks/24.5.0/dbdca0447c2333481823e088a356393e653276b4/lint-checks-24.5.0.jar
7f0160ee1000-7f0160eeb000 r--s 00110000 08:12 18219250                   /root/.gradle/caches/modules-2/files-2.1/org.antlr/antlr/3.5.2/c4a65c950bfc3e7d04309c515b2177c00baf7764/antlr-3.5.2.jar
7f0160eeb000-7f0160eee000 r--s 00026000 08:12 18219249                   /root/.gradle/caches/modules-2/files-2.1/org.antlr/antlr-runtime/3.5.2/cd9cd41361c155f3af0f653009dcecb08d8b4afd/antlr-runtime-3.5.2.jar
7f0160eee000-7f0160ef0000 r--s 00006000 08:12 18219248                   /root/.gradle/caches/modules-2/files-2.1/org.ow2.asm/asm-tree/5.0.3/287749b48ba7162fb67c93a026d690b29f410bed/asm-tree-5.0.3.jar
7f0160ef0000-7f0160ef1000 r--s 0000c000 08:12 18219247                   /root/.gradle/caches/modules-2/files-2.1/org.ow2.asm/asm/5.0.3/dcc2193db20e19e1feca8b1240dbbc4e190824fa/asm-5.0.3.jar
7f0160ef1000-7f0160f24000 r--s 00203000 08:12 18219246                   /root/.gradle/caches/modules-2/files-2.1/org.bouncycastle/bcprov-jdk15on/1.48/960dea7c9181ba0b17e8bab0c06a43f0a5f04e65/bcprov-jdk15on-1.48.jar
7f0160f24000-7f0160f32000 r--s 00081000 08:12 18219245                   /root/.gradle/caches/modules-2/files-2.1/org.bouncycastle/bcpkix-jdk15on/1.48/28b7614b908a47844bb27e3c94b45b6893656265/bcpkix-jdk15on-1.48.jar
7f0160f32000-7f0160f34000 r--s 00002000 08:12 18219244                   /root/.gradle/caches/modules-2/files-2.1/com.squareup/javawriter/2.5.0/81241ff7078ef14f42ea2a8995fa09c096256e6b/javawriter-2.5.0.jar
7f0160f34000-7f0160f35000 r--s 00001000 08:12 18219243                   /root/.gradle/caches/modules-2/files-2.1/com.android.tools.jill/jill-api/0.9.0/9a83e898b15c853f6c92c74791064ca400cd3f3/jill-api-0.9.0.jar
7f0160f35000-7f0160f37000 r--s 00002000 08:12 18219242                   /root/.gradle/caches/modules-2/files-2.1/com.android.tools.jack/jack-api/0.9.0/6b474acfffc1e9d9e03df4ab3579b5fef852ed23/jack-api-0.9.0.jar
7f0160f37000-7f0160f3c000 r--s 00047000 08:12 18219241                   /root/.gradle/caches/modules-2/files-2.1/com.android.tools.ddms/ddmlib/24.5.0/d45670b5511da60d2939a1eece4c7c4407fee95b/ddmlib-24.5.0.jar
7f0160f3c000-7f0160f40000 r--s 00027000 08:12 18219240                   /root/.gradle/caches/modules-2/files-2.1/com.android.tools.build/manifest-merger/24.5.0/dc521cf0bc3565f990d4da7fac4aabc73b6d62cf/manifest-merger-24.5.0.jar
7f0160f40000-7f0160f42000 r--s 00016000 08:12 18219239                   /root/.gradle/caches/modules-2/files-2.1/com.android.tools/common/24.5.0/55436737b893bac95c978b184dd35c76002d2eef/common-24.5.0.jar
7f0160f42000-7f0160f4a000 r--s 00079000 08:12 18219238                   /root/.gradle/caches/modules-2/files-2.1/com.android.tools/sdk-common/24.5.0/e9b9c057d8df82ee7bc682558fe21b2110b3e40a/sdk-common-24.5.0.jar
7f0160f4a000-7f0160f54000 r--s 000ab000 08:12 18219237                   /root/.gradle/caches/modules-2/files-2.1/com.android.tools/sdklib/24.5.0/473c60ca5786363b6b3ea944446cf41676207ca7/sdklib-24.5.0.jar
7f0160f54000-7f0160f55000 r--s 00002000 08:12 18219236                   /root/.gradle/caches/modules-2/files-2.1/com.android.tools.build/builder-test-api/1.5.0/d9240c30b1bb243b4f57c48f734df2635fbd07e/builder-test-api-1.5.0.jar
7f0160f55000-7f0160f57000 r--s 00005000 08:12 18219235                   /root/.gradle/caches/modules-2/files-2.1/com.android.tools.build/builder-model/1.5.0/51a48a2f4c1da923b0b8bb174e57bc68ee040889/builder-model-1.5.0.jar
7f0160f57000-7f0160f5b000 r--s 0001e000 08:12 18219234                   /root/.gradle/caches/modules-2/files-2.1/org.jacoco/org.jacoco.core/0.7.4.201502262128/31482f50411a3a5769b6c78fa9b97ba731c205e7/org.jacoco.core-0.7.4.201502262128.jar
7f0160f5b000-7f0160f5c000 r--s 00002000 08:12 18219233                   /root/.gradle/caches/modules-2/files-2.1/net.sf.proguard/proguard-gradle/5.2.1/5e9956c050fd84fa043517e77c4c0ff175a6b002/proguard-gradle-5.2.1.jar
7f0160f5c000-7f0160f60000 r--s 00026000 08:12 18219232                   /root/.gradle/caches/modules-2/files-2.1/com.android.databinding/compilerCommon/1.0-rc5/3152caf6b493a20e5b0d63bb36f5322dbce6d10f/compilerCommon-1.0-rc5.jar
7f0160f60000-7f0160f62000 r--s 00001000 08:12 18219231                   /root/.gradle/caches/modules-2/files-2.1/com.android.tools.build/transform-api/1.5.0/90f914a7972579a4cc726c9e0022878f6c675e2/transform-api-1.5.0.jar
7f0160f62000-7f0160f64000 r--s 00022000 08:12 18219230                   /root/.gradle/caches/modules-2/files-2.1/com.android.tools.lint/lint/24.5.0/461d7d801b822cbeb7daf001924fe1c616ce9535/lint-24.5.0.jar
7f0160f64000-7f0160f6a000 r--s 0005a000 08:12 18219229                   /root/.gradle/caches/modules-2/files-2.1/com.android.tools.build/builder/1.5.0/1dcd59f6f3c90b2a8bc7156d091ad1b87a41beed/builder-1.5.0.jar
7f0160f6a000-7f0160f81000 r--s 0012c000 08:12 18219228                   /root/.gradle/caches/modules-2/files-2.1/com.android.tools.build/gradle-core/1.5.0/70915a3f0ef4243d4630ea23219f5445fac82700/gradle-core-1.5.0.jar
7f0160f81000-7f0160f83000 r--s 0000d000 08:12 18219227                   /root/.gradle/caches/modules-2/files-2.1/com.android.tools.build/gradle/1.5.0/ca6476d93e374e70d0b7ca45ddc86151da840aa6/gradle-1.5.0.jar
7f0160f83000-7f0160f8d000 r--s 000ae000 08:12 6949403                    /usr/lib/jvm/java-7-openjdk-amd64/jre/lib/resources.jar
7f0160f8d000-7f0160f90000 ---p 00000000 00:00 0 
7f0160f90000-7f016108e000 rw-p 00000000 00:00 0                          [stack:7227]
7f016108e000-7f0161091000 ---p 00000000 00:00 0 
7f0161091000-7f01610c7000 rw-p 00000000 00:00 0                          [stack:7226]
7f01610c7000-7f01610c8000 r--p 00000000 00:00 0 
7f01610c8000-7f0161133000 r--s 0069d000 08:12 7869405                    /usr/lib/jvm/java-7-openjdk-amd64/lib/tools.jar
7f0161133000-7f0161136000 ---p 00000000 00:00 0 
7f0161136000-7f0161234000 rw-p 00000000 00:00 0                          [stack:7224]
7f0161234000-7f0161237000 ---p 00000000 00:00 0 
7f0161237000-7f0161335000 rw-p 00000000 00:00 0                          [stack:7221]
7f0161335000-7f0161338000 ---p 00000000 00:00 0 
7f0161338000-7f0161436000 rw-p 00000000 00:00 0                          [stack:7220]
7f0161436000-7f0161439000 ---p 00000000 00:00 0 
7f0161439000-7f0161537000 rw-p 00000000 00:00 0                          [stack:7219]
7f0161537000-7f016153a000 ---p 00000000 00:00 0 
7f016153a000-7f0161638000 rw-p 00000000 00:00 0                          [stack:7218]
7f0161638000-7f016163b000 ---p 00000000 00:00 0 
7f016163b000-7f0161739000 rw-p 00000000 00:00 0                          [stack:7217]
7f0161739000-7f016173d000 r-xp 00000000 08:12 18219493                   /tmp/native-platform8195602770530246308dir/libnative-platform.so
7f016173d000-7f016193c000 ---p 00004000 08:12 18219493                   /tmp/native-platform8195602770530246308dir/libnative-platform.so
7f016193c000-7f016193d000 rw-p 00003000 08:12 18219493                   /tmp/native-platform8195602770530246308dir/libnative-platform.so
7f016193d000-7f0161941000 r--s 0004f000 08:12 6949412                    /usr/lib/jvm/java-7-openjdk-amd64/jre/lib/jsse.jar
7f0161941000-7f0161943000 r--s 00002000 08:12 3019474                    /root/.gradle/wrapper/dists/gradle-2.2.1-all/2m8005s69iu8v0oiejfej094b/gradle-2.2.1/lib/plugins/gradle-cunit-2.2.1.jar
7f0161943000-7f0161944000 r--s 00002000 08:12 3019495                    /root/.gradle/wrapper/dists/gradle-2.2.1-all/2m8005s69iu8v0oiejfej094b/gradle-2.2.1/lib/plugins/sonar-batch-bootstrapper-2.9.jar
7f0161944000-7f0161947000 r--s 00018000 08:12 3019455                    /root/.gradle/wrapper/dists/gradle-2.2.1-all/2m8005s69iu8v0oiejfej094b/gradle-2.2.1/lib/plugins/gradle-sonar-2.2.1.jar
7f0161947000-7f0161948000 r--s 00001000 08:12 3019475                    /root/.gradle/wrapper/dists/gradle-2.2.1-all/2m8005s69iu8v0oiejfej094b/gradle-2.2.1/lib/plugins/gradle-plugin-development-2.2.1.jar
7f0161948000-7f016194d000 r--s 00036000 08:12 3019473                    /root/.gradle/wrapper/dists/gradle-2.2.1-all/2m8005s69iu8v0oiejfej094b/gradle-2.2.1/lib/plugins/gradle-ide-native-2.2.1.jar
7f016194d000-7f0161952000 r--s 00013000 08:12 3019472                    /root/.gradle/wrapper/dists/gradle-2.2.1-all/2m8005s69iu8v0oiejfej094b/gradle-2.2.1/lib/plugins/gradle-language-native-2.2.1.jar
7f0161952000-7f016195d000 r--s 0004d000 08:12 3019471                    /root/.gradle/wrapper/dists/gradle-2.2.1-all/2m8005s69iu8v0oiejfej094b/gradle-2.2.1/lib/plugins/gradle-platform-native-2.2.1.jar
7f016195d000-7f016195f000 r--s 00008000 08:12 3019470                    /root/.gradle/wrapper/dists/gradle-2.2.1-all/2m8005s69iu8v0oiejfej094b/gradle-2.2.1/lib/plugins/gradle-language-groovy-2.2.1.jar
7f016195f000-7f0161964000 r--s 00022000 08:12 3019469                    /root/.gradle/wrapper/dists/gradle-2.2.1-all/2m8005s69iu8v0oiejfej094b/gradle-2.2.1/lib/plugins/gradle-language-java-2.2.1.jar
7f0161964000-7f0161967000 r--s 00007000 08:12 3019468                    /root/.gradle/wrapper/dists/gradle-2.2.1-all/2m8005s69iu8v0oiejfej094b/gradle-2.2.1/lib/plugins/gradle-language-jvm-2.2.1.jar
7f0161967000-7f016196a000 r--s 00009000 08:12 3019467                    /root/.gradle/wrapper/dists/gradle-2.2.1-all/2m8005s69iu8v0oiejfej094b/gradle-2.2.1/lib/plugins/gradle-platform-jvm-2.2.1.jar
7f016196a000-7f016196f000 r--s 00018000 08:12 3019466                    /root/.gradle/wrapper/dists/gradle-2.2.1-all/2m8005s69iu8v0oiejfej094b/gradle-2.2.1/lib/plugins/gradle-platform-base-2.2.1.jar
7f016196f000-7f0161974000 r--s 00026000 08:12 3019465                    /root/.gradle/wrapper/dists/gradle-2.2.1-all/2m8005s69iu8v0oiejfej094b/gradle-2.2.1/lib/plugins/gradle-build-init-2.2.1.jar
7f0161974000-7f0161977000 r--s 0001d000 08:12 3019464                    /root/.gradle/wrapper/dists/gradle-2.2.1-all/2m8005s69iu8v0oiejfej094b/gradle-2.2.1/lib/plugins/gradle-jacoco-2.2.1.jar
7f0161977000-7f016197a000 r--s 0000d000 08:12 3019463                    /root/.gradle/wrapper/dists/gradle-2.2.1-all/2m8005s69iu8v0oiejfej094b/gradle-2.2.1/lib/plugins/gradle-ivy-2.2.1.jar
7f016197a000-7f016197c000 r--s 00002000 08:12 3019462                    /root/.gradle/wrapper/dists/gradle-2.2.1-all/2m8005s69iu8v0oiejfej094b/gradle-2.2.1/lib/plugins/gradle-publish-2.2.1.jar
7f016197c000-7f016197e000 r--s 00005000 08:12 3019500                    /root/.gradle/wrapper/dists/gradle-2.2.1-all/2m8005s69iu8v0oiejfej094b/gradle-2.2.1/lib/plugins/jatl-0.2.2.jar
7f016197e000-7f0161980000 r--s 0000f000 08:12 3019461                    /root/.gradle/wrapper/dists/gradle-2.2.1-all/2m8005s69iu8v0oiejfej094b/gradle-2.2.1/lib/plugins/gradle-reporting-2.2.1.jar
7f0161980000-7f0161985000 r--s 00034000 08:12 3019460                    /root/.gradle/wrapper/dists/gradle-2.2.1-all/2m8005s69iu8v0oiejfej094b/gradle-2.2.1/lib/plugins/gradle-diagnostics-2.2.1.jar
7f0161985000-7f016198c000 r--s 00090000 08:12 3019459                    /root/.gradle/wrapper/dists/gradle-2.2.1-all/2m8005s69iu8v0oiejfej094b/gradle-2.2.1/lib/plugins/gradle-build-comparison-2.2.1.jar
7f016198c000-7f0161993000 r--s 00035000 08:12 3019499                    /root/.gradle/wrapper/dists/gradle-2.2.1-all/2m8005s69iu8v0oiejfej094b/gradle-2.2.1/lib/plugins/simple-4.1.21.jar
7f0161993000-7f016199f000 r--s 00100000 08:12 3019497                    /root/.gradle/wrapper/dists/gradle-2.2.1-all/2m8005s69iu8v0oiejfej094b/gradle-2.2.1/lib/plugins/rhino-1.7R3.jar
7f016199f000-7f01619a4000 r--s 0001f000 08:12 3019458                    /root/.gradle/wrapper/dists/gradle-2.2.1-all/2m8005s69iu8v0oiejfej094b/gradle-2.2.1/lib/plugins/gradle-javascript-2.2.1.jar
7f01619a4000-7f01619a6000 r--s 0000e000 08:12 3019457                    /root/.gradle/wrapper/dists/gradle-2.2.1-all/2m8005s69iu8v0oiejfej094b/gradle-2.2.1/lib/plugins/gradle-ear-2.2.1.jar
7f01619a6000-7f01619aa000 r--s 00025000 08:12 3019496                    /root/.gradle/wrapper/dists/gradle-2.2.1-all/2m8005s69iu8v0oiejfej094b/gradle-2.2.1/lib/plugins/bcpg-jdk15-1.46.jar
7f01619aa000-7f01619ad000 r--s 0001d000 08:12 3019456                    /root/.gradle/wrapper/dists/gradle-2.2.1-all/2m8005s69iu8v0oiejfej094b/gradle-2.2.1/lib/plugins/gradle-signing-2.2.1.jar
7f01619ad000-7f01619b0000 r--s 00017000 08:12 3019454                    /root/.gradle/wrapper/dists/gradle-2.2.1-all/2m8005s69iu8v0oiejfej094b/gradle-2.2.1/lib/plugins/gradle-scala-2.2.1.jar
7f01619b0000-7f01619b2000 r--s 0000e000 08:12 3019453                    /root/.gradle/wrapper/dists/gradle-2.2.1-all/2m8005s69iu8v0oiejfej094b/gradle-2.2.1/lib/plugins/gradle-announce-2.2.1.jar
7f01619b2000-7f01619c0000 r--s 000bc000 08:12 3019452                    /root/.gradle/wrapper/dists/gradle-2.2.1-all/2m8005s69iu8v0oiejfej094b/gradle-2.2.1/lib/plugins/gradle-ide-2.2.1.jar
7f01619c0000-7f01619c2000 r--s 00000000 08:12 3019494                    /root/.gradle/wrapper/dists/gradle-2.2.1-all/2m8005s69iu8v0oiejfej094b/gradle-2.2.1/lib/plugins/plexus-component-annotations-1.5.2.jar
7f01619c2000-7f01619c5000 r--s 0000c000 08:12 3019493                    /root/.gradle/wrapper/dists/gradle-2.2.1-all/2m8005s69iu8v0oiejfej094b/gradle-2.2.1/lib/plugins/pmaven-groovy-0.8-20100325.jar
7f01619c5000-7f01619c6000 r--s 00004000 08:12 3019492                    /root/.gradle/wrapper/dists/gradle-2.2.1-all/2m8005s69iu8v0oiejfej094b/gradle-2.2.1/lib/plugins/pmaven-common-0.8-20100325.jar
7f01619c6000-7f01619ca000 r--s 0001e000 08:12 3019451                    /root/.gradle/wrapper/dists/gradle-2.2.1-all/2m8005s69iu8v0oiejfej094b/gradle-2.2.1/lib/plugins/gradle-maven-2.2.1.jar
7f01619ca000-7f01619e2000 r--s 0013b000 08:12 3019490                    /root/.gradle/wrapper/dists/gradle-2.2.1-all/2m8005s69iu8v0oiejfej094b/gradle-2.2.1/lib/plugins/bndlib-2.1.0.jar
7f01619e2000-7f01619e4000 r--s 00004000 08:12 3019450                    /root/.gradle/wrapper/dists/gradle-2.2.1-all/2m8005s69iu8v0oiejfej094b/gradle-2.2.1/lib/plugins/gradle-osgi-2.2.1.jar
7f01619e4000-7f01619e9000 r--s 00040000 08:12 3019506                    /root/.gradle/wrapper/dists/gradle-2.2.1-all/2m8005s69iu8v0oiejfej094b/gradle-2.2.1/lib/plugins/bsh-2.0b4.jar
7f01619e9000-7f01619ee000 r--s 00068000 08:12 3019489                    /root/.gradle/wrapper/dists/gradle-2.2.1-all/2m8005s69iu8v0oiejfej094b/gradle-2.2.1/lib/plugins/antlr-2.7.7.jar
7f01619ee000-7f01619ef000 r--s 00002000 08:12 3019488                    /root/.gradle/wrapper/dists/gradle-2.2.1-all/2m8005s69iu8v0oiejfej094b/gradle-2.2.1/lib/plugins/ant-antlr-1.9.3.jar
7f01619ef000-7f01619f1000 r--s 00004000 08:12 3019449                    /root/.gradle/wrapper/dists/gradle-2.2.1-all/2m8005s69iu8v0oiejfej094b/gradle-2.2.1/lib/plugins/gradle-antlr-2.2.1.jar
7f01619f1000-7f01619f4000 r--s 0001e000 08:12 3019511                    /root/.gradle/wrapper/dists/gradle-2.2.1-all/2m8005s69iu8v0oiejfej094b/gradle-2.2.1/lib/plugins/jsp-api-2.1-6.1.14.jar
7f01619f4000-7f0161a17000 r--s 00344000 08:12 3019510                    /root/.gradle/wrapper/dists/gradle-2.2.1-all/2m8005s69iu8v0oiejfej094b/gradle-2.2.1/lib/plugins/core-3.1.1.jar
7f0161a17000-7f0161a18000 r--s 00006000 08:12 3019509                    /root/.gradle/wrapper/dists/gradle-2.2.1-all/2m8005s69iu8v0oiejfej094b/gradle-2.2.1/lib/plugins/jetty-naming-6.1.25.jar
7f0161a18000-7f0161a19000 r--s 00002000 08:12 3019487                    /root/.gradle/wrapper/dists/gradle-2.2.1-all/2m8005s69iu8v0oiejfej094b/gradle-2.2.1/lib/plugins/geronimo-annotation_1.0_spec-1.0.jar
7f0161a19000-7f0161a1b000 r--s 00002000 08:12 3019486                    /root/.gradle/wrapper/dists/gradle-2.2.1-all/2m8005s69iu8v0oiejfej094b/gradle-2.2.1/lib/plugins/jetty-annotations-6.1.25.jar
7f0161a1b000-7f0161a2c000 r--s 000ea000 08:12 3019485                    /root/.gradle/wrapper/dists/gradle-2.2.1-all/2m8005s69iu8v0oiejfej094b/gradle-2.2.1/lib/plugins/jsp-2.1-6.1.14.jar
7f0161a2c000-7f0161a2e000 r--s 0000d000 08:12 3019484                    /root/.gradle/wrapper/dists/gradle-2.2.1-all/2m8005s69iu8v0oiejfej094b/gradle-2.2.1/lib/plugins/jetty-plus-6.1.25.jar
7f0161a2e000-7f0161a30000 r--s 0001f000 08:12 3019483                    /root/.gradle/wrapper/dists/gradle-2.2.1-all/2m8005s69iu8v0oiejfej094b/gradle-2.2.1/lib/plugins/servlet-api-2.5-20081211.jar
7f0161a30000-7f0161a34000 r--s 00028000 08:12 3019482                    /root/.gradle/wrapper/dists/gradle-2.2.1-all/2m8005s69iu8v0oiejfej094b/gradle-2.2.1/lib/plugins/jetty-util-6.1.25.jar
7f0161a34000-7f0161a3b000 r--s 0007d000 08:12 3019481                    /root/.gradle/wrapper/dists/gradle-2.2.1-all/2m8005s69iu8v0oiejfej094b/gradle-2.2.1/lib/plugins/jetty-6.1.25.jar
7f0161a3b000-7f0161a3d000 r--s 00009000 08:12 3019448                    /root/.gradle/wrapper/dists/gradle-2.2.1-all/2m8005s69iu8v0oiejfej094b/gradle-2.2.1/lib/plugins/gradle-jetty-2.2.1.jar
7f0161a3d000-7f0161a42000 r--s 00041000 08:12 3019447                    /root/.gradle/wrapper/dists/gradle-2.2.1-all/2m8005s69iu8v0oiejfej094b/gradle-2.2.1/lib/plugins/gradle-code-quality-2.2.1.jar
7f0161a42000-7f0161a44000 r--s 00009000 08:12 3019519                    /root/.gradle/wrapper/dists/gradle-2.2.1-all/2m8005s69iu8v0oiejfej094b/gradle-2.2.1/lib/plugins/hamcrest-core-1.3.jar
7f0161a44000-7f0161a4a000 r--s 00033000 08:12 3019508                    /root/.gradle/wrapper/dists/gradle-2.2.1-all/2m8005s69iu8v0oiejfej094b/gradle-2.2.1/lib/plugins/snakeyaml-1.6.jar
7f0161a4a000-7f0161a4c000 r--s 00006000 08:12 3019507                    /root/.gradle/wrapper/dists/gradle-2.2.1-all/2m8005s69iu8v0oiejfej094b/gradle-2.2.1/lib/plugins/jcommander-1.12.jar
7f0161a4c000-7f0161a4e000 r--s 00009000 08:12 3019480                    /root/.gradle/wrapper/dists/gradle-2.2.1-all/2m8005s69iu8v0oiejfej094b/gradle-2.2.1/lib/plugins/commons-cli-1.2.jar
7f0161a4e000-7f0161a57000 r--s 00089000 08:12 3019479                    /root/.gradle/wrapper/dists/gradle-2.2.1-all/2m8005s69iu8v0oiejfej094b/gradle-2.2.1/lib/plugins/testng-6.3.1.jar
7f0161a57000-7f0161a5d000 r--s 00036000 08:12 3019478                    /root/.gradle/wrapper/dists/gradle-2.2.1-all/2m8005s69iu8v0oiejfej094b/gradle-2.2.1/lib/plugins/junit-4.11.jar
7f0161a5d000-7f0161a69000 r--s 00075000 08:12 3019446                    /root/.gradle/wrapper/dists/gradle-2.2.1-all/2m8005s69iu8v0oiejfej094b/gradle-2.2.1/lib/plugins/gradle-plugins-2.2.1.jar
7f0161a69000-7f0161a6c000 r--s 00011000 08:12 3019476                    /root/.gradle/wrapper/dists/gradle-2.2.1-all/2m8005s69iu8v0oiejfej094b/gradle-2.2.1/lib/plugins/gradle-plugin-use-2.2.1.jar
7f0161a6c000-7f0161a84000 r--s 00115000 08:12 3019517                    /root/.gradle/wrapper/dists/gradle-2.2.1-all/2m8005s69iu8v0oiejfej094b/gradle-2.2.1/lib/plugins/xercesImpl-2.9.1.jar
7f0161a84000-7f0161a8c000 r--s 00028000 08:12 3019518                    /root/.gradle/wrapper/dists/gradle-2.2.1-all/2m8005s69iu8v0oiejfej094b/gradle-2.2.1/lib/plugins/xml-apis-1.3.04.jar
7f0161a8c000-7f0161a92000 r--s 0005b000 08:12 3019516                    /root/.gradle/wrapper/dists/gradle-2.2.1-all/2m8005s69iu8v0oiejfej094b/gradle-2.2.1/lib/plugins/jcifs-1.3.17.jar
7f0161a92000-7f0161a98000 r--s 00031000 08:12 3019515                    /root/.gradle/wrapper/dists/gradle-2.2.1-all/2m8005s69iu8v0oiejfej094b/gradle-2.2.1/lib/plugins/httpcore-4.2.2.jar
7f0161a98000-7f0161a9e000 r--s 00033000 08:12 3019514                    /root/.gradle/wrapper/dists/gradle-2.2.1-all/2m8005s69iu8v0oiejfej094b/gradle-2.2.1/lib/plugins/commons-codec-1.6.jar
7f0161a9e000-7f0161aa1000 r--s 0001c000 08:12 3019513                    /root/.gradle/wrapper/dists/gradle-2.2.1-all/2m8005s69iu8v0oiejfej094b/gradle-2.2.1/lib/plugins/nekohtml-1.9.14.jar
7f0161aa1000-7f0161aaa000 r--s 00060000 08:12 3019512                    /root/.gradle/wrapper/dists/gradle-2.2.1-all/2m8005s69iu8v0oiejfej094b/gradle-2.2.1/lib/plugins/httpclient-4.2.2.jar
7f0161aaa000-7f0161aac000 r--s 00007000 08:12 3019501                    /root/.gradle/wrapper/dists/gradle-2.2.1-all/2m8005s69iu8v0oiejfej094b/gradle-2.2.1/lib/plugins/gradle-resources-http-2.2.1.jar
7f0161aac000-7f0161ad4000 r--s 00194000 08:12 3019505                    /root/.gradle/wrapper/dists/gradle-2.2.1-all/2m8005s69iu8v0oiejfej094b/gradle-2.2.1/lib/plugins/bcprov-jdk15-1.46.jar
7f0161ad4000-7f0161ad8000 r--s 0001d000 08:12 3019504                    /root/.gradle/wrapper/dists/gradle-2.2.1-all/2m8005s69iu8v0oiejfej094b/gradle-2.2.1/lib/plugins/xbean-reflect-3.4.jar
7f0161ad8000-7f0161add000 r--s 0002a000 08:12 3019498                    /root/.gradle/wrapper/dists/gradle-2.2.1-all/2m8005s69iu8v0oiejfej094b/gradle-2.2.1/lib/plugins/gson-2.2.4.jar
7f0161add000-7f0161ae1000 r--s 0003d000 08:12 3019503                    /root/.gradle/wrapper/dists/gradle-2.2.1-all/2m8005s69iu8v0oiejfej094b/gradle-2.2.1/lib/plugins/jsch-0.1.51.jar
7f0161ae1000-7f0161afa000 r--s 00129000 08:12 3019491                    /root/.gradle/wrapper/dists/gradle-2.2.1-all/2m8005s69iu8v0oiejfej094b/gradle-2.2.1/lib/plugins/maven-ant-tasks-2.1.3.jar
7f0161afa000-7f0161b09000 r--s 000d9000 08:12 3019502                    /root/.gradle/wrapper/dists/gradle-2.2.1-all/2m8005s69iu8v0oiejfej094b/gradle-2.2.1/lib/plugins/ivy-2.2.0.jar
7f0161b09000-7f0161b0d000 r--s 0001e000 08:12 3019445                    /root/.gradle/wrapper/dists/gradle-2.2.1-all/2m8005s69iu8v0oiejfej094b/gradle-2.2.1/lib/plugins/jarjar-aether-impl-1.13.1.jar
7f0161b0d000-7f0161b10000 r--s 00027000 08:12 3019444                    /root/.gradle/wrapper/dists/gradle-2.2.1-all/2m8005s69iu8v0oiejfej094b/gradle-2.2.1/lib/plugins/jarjar-maven-model-3.0.4.jar
7f0161b10000-7f0161b13000 r--s 0000b000 08:12 3019443                    /root/.gradle/wrapper/dists/gradle-2.2.1-all/2m8005s69iu8v0oiejfej094b/gradle-2.2.1/lib/plugins/jarjar-maven-artifact-3.0.4.jar
7f0161b13000-7f0161b17000 r--s 0001e000 08:12 3019442                    /root/.gradle/wrapper/dists/gradle-2.2.1-all/2m8005s69iu8v0oiejfej094b/gradle-2.2.1/lib/plugins/jarjar-aether-util-1.13.1.jar
7f0161b17000-7f0161b19000 r--s 00007000 08:12 3019441                    /root/.gradle/wrapper/dists/gradle-2.2.1-all/2m8005s69iu8v0oiejfej094b/gradle-2.2.1/lib/plugins/jarjar-wagon-http-shared4-2.4.jar
7f0161b19000-7f0161b26000 r--s 00083000 08:12 3019440                    /root/.gradle/wrapper/dists/gradle-2.2.1-all/2m8005s69iu8v0oiejfej094b/gradle-2.2.1/lib/plugins/jarjar-maven-core-3.0.4.jar
7f0161b26000-7f0161b28000 r--s 00003000 08:12 3019439                    /root/.gradle/wrapper/dists/gradle-2.2.1-all/2m8005s69iu8v0oiejfej094b/gradle-2.2.1/lib/plugins/jarjar-aether-spi-1.13.1.jar
7f0161b28000-7f0161b2a000 r--s 00009000 08:12 3019438                    /root/.gradle/wrapper/dists/gradle-2.2.1-all/2m8005s69iu8v0oiejfej094b/gradle-2.2.1/lib/plugins/jarjar-maven-settings-builder-3.0.4.jar
7f0161b2a000-7f0161b2e000 r--s 00014000 08:12 3019437                    /root/.gradle/wrapper/dists/gradle-2.2.1-all/2m8005s69iu8v0oiejfej094b/gradle-2.2.1/lib/plugins/jarjar-aether-api-1.13.1.jar
7f0161b2e000-7f0161b2f000 r--s 00002000 08:12 3019436                    /root/.gradle/wrapper/dists/gradle-2.2.1-all/2m8005s69iu8v0oiejfej094b/gradle-2.2.1/lib/plugins/jarjar-wagon-http-2.4.jar
7f0161b2f000-7f0161b36000 r--s 00042000 08:12 3019435                    /root/.gradle/wrapper/dists/gradle-2.2.1-all/2m8005s69iu8v0oiejfej094b/gradle-2.2.1/lib/plugins/jarjar-maven-compat-3.0.4.jar
7f0161b36000-7f0161b38000 r--s 00006000 08:12 3019434                    /root/.gradle/wrapper/dists/gradle-2.2.1-all/2m8005s69iu8v0oiejfej094b/gradle-2.2.1/lib/plugins/jarjar-aether-connector-wagon-1.13.1.jar
7f0161b38000-7f0161b3a000 r--s 00000000 08:12 3019433                    /root/.gradle/wrapper/dists/gradle-2.2.1-all/2m8005s69iu8v0oiejfej094b/gradle-2.2.1/lib/plugins/jarjar-plexus-component-annotations-1.5.5.jar
7f0161b3a000-7f0161b3c000 r--s 00006000 08:12 3019432                    /root/.gradle/wrapper/dists/gradle-2.2.1-all/2m8005s69iu8v0oiejfej094b/gradle-2.2.1/lib/plugins/jarjar-plexus-sec-dispatcher-1.3.jar
7f0161b3c000-7f0161b41000 r--s 00022000 08:12 3019431                    /root/.gradle/wrapper/dists/gradle-2.2.1-all/2m8005s69iu8v0oiejfej094b/gradle-2.2.1/lib/plugins/jarjar-maven-model-builder-3.0.4.jar
7f0161b41000-7f0161b43000 r--s 0000b000 08:12 3019430                    /root/.gradle/wrapper/dists/gradle-2.2.1-all/2m8005s69iu8v0oiejfej094b/gradle-2.2.1/lib/plugins/jarjar-maven-plugin-api-3.0.4.jar
7f0161b43000-7f0161b46000 r--s 0000a000 08:12 3019429                    /root/.gradle/wrapper/dists/gradle-2.2.1-all/2m8005s69iu8v0oiejfej094b/gradle-2.2.1/lib/plugins/jarjar-plexus-classworlds-2.4.jar
7f0161b46000-7f0161b4a000 r--s 00035000 08:12 3019428                    /root/.gradle/wrapper/dists/gradle-2.2.1-all/2m8005s69iu8v0oiejfej094b/gradle-2.2.1/lib/plugins/jarjar-plexus-utils-2.0.6.jar
7f0161b4a000-7f0161b4c000 r--s 0000e000 08:12 3019427                    /root/.gradle/wrapper/dists/gradle-2.2.1-all/2m8005s69iu8v0oiejfej094b/gradle-2.2.1/lib/plugins/jarjar-plexus-interpolation-1.14.jar
7f0161b4c000-7f0161b4e000 r--s 00002000 08:12 3019426                    /root/.gradle/wrapper/dists/gradle-2.2.1-all/2m8005s69iu8v0oiejfej094b/gradle-2.2.1/lib/plugins/jarjar-plexus-cipher-1.7.jar
7f0161b4e000-7f0161b50000 r--s 0000c000 08:12 3019425                    /root/.gradle/wrapper/dists/gradle-2.2.1-all/2m8005s69iu8v0oiejfej094b/gradle-2.2.1/lib/plugins/jarjar-wagon-provider-api-2.4.jar
7f0161b50000-7f0161b52000 r--s 0000d000 08:12 3019424                    /root/.gradle/wrapper/dists/gradle-2.2.1-all/2m8005s69iu8v0oiejfej094b/gradle-2.2.1/lib/plugins/jarjar-maven-aether-provider-3.0.4.jar
7f0161b52000-7f0161b5a000 r--s 00031000 08:12 3019423                    /root/.gradle/wrapper/dists/gradle-2.2.1-all/2m8005s69iu8v0oiejfej094b/gradle-2.2.1/lib/plugins/jarjar-plexus-container-default-1.5.5.jar
7f0161b5a000-7f0161b6a000 r-xp 00000000 08:12 7081659                    /usr/lib/jvm/java-7-openjdk-amd64/jre/lib/amd64/libnio.so
7f0161b6a000-7f0161d6a000 ---p 00010000 08:12 7081659                    /usr/lib/jvm/java-7-openjdk-amd64/jre/lib/amd64/libnio.so
7f0161d6a000-7f0161d6b000 r--p 00010000 08:12 7081659                    /usr/lib/jvm/java-7-openjdk-amd64/jre/lib/amd64/libnio.so
7f0161d6b000-7f0161d6c000 rw-p 00011000 08:12 7081659                    /usr/lib/jvm/java-7-openjdk-amd64/jre/lib/amd64/libnio.so
7f0161d6c000-7f0161d92000 r--p 00000000 08:12 4461297                    /usr/share/locale-langpack/ko/LC_MESSAGES/libc.mo
7f0161d92000-7f0161dc3000 rw-p 00000000 00:00 0 
7f0161dc3000-7f0161e00000 r-xp 00000000 08:12 13375337                   /lib/x86_64-linux-gnu/libpcre.so.3.13.1
7f0161e00000-7f0161fff000 ---p 0003d000 08:12 13375337                   /lib/x86_64-linux-gnu/libpcre.so.3.13.1
7f0161fff000-7f0162000000 r--p 0003c000 08:12 13375337                   /lib/x86_64-linux-gnu/libpcre.so.3.13.1
7f0162000000-7f0162001000 rw-p 0003d000 08:12 13375337                   /lib/x86_64-linux-gnu/libpcre.so.3.13.1
7f0162001000-7f0162008000 r-xp 00000000 08:12 2367309                    /usr/lib/x86_64-linux-gnu/libffi.so.6.0.1
7f0162008000-7f0162207000 ---p 00007000 08:12 2367309                    /usr/lib/x86_64-linux-gnu/libffi.so.6.0.1
7f0162207000-7f0162208000 r--p 00006000 08:12 2367309                    /usr/lib/x86_64-linux-gnu/libffi.so.6.0.1
7f0162208000-7f0162209000 rw-p 00007000 08:12 2367309                    /usr/lib/x86_64-linux-gnu/libffi.so.6.0.1
7f0162209000-7f0162220000 r-xp 00000000 08:12 13369510                   /lib/x86_64-linux-gnu/libresolv-2.19.so
7f0162220000-7f0162420000 ---p 00017000 08:12 13369510                   /lib/x86_64-linux-gnu/libresolv-2.19.so
7f0162420000-7f0162421000 r--p 00017000 08:12 13369510                   /lib/x86_64-linux-gnu/libresolv-2.19.so
7f0162421000-7f0162422000 rw-p 00018000 08:12 13369510                   /lib/x86_64-linux-gnu/libresolv-2.19.so
7f0162422000-7f0162424000 rw-p 00000000 00:00 0 
7f0162424000-7f0162444000 r-xp 00000000 08:12 13373767                   /lib/x86_64-linux-gnu/libselinux.so.1
7f0162444000-7f0162643000 ---p 00020000 08:12 13373767                   /lib/x86_64-linux-gnu/libselinux.so.1
7f0162643000-7f0162644000 r--p 0001f000 08:12 13373767                   /lib/x86_64-linux-gnu/libselinux.so.1
7f0162644000-7f0162645000 rw-p 00020000 08:12 13373767                   /lib/x86_64-linux-gnu/libselinux.so.1
7f0162645000-7f0162647000 rw-p 00000000 00:00 0 
7f0162647000-7f016264a000 r-xp 00000000 08:12 2367422                    /usr/lib/x86_64-linux-gnu/libgmodule-2.0.so.0.4002.0
7f016264a000-7f0162849000 ---p 00003000 08:12 2367422                    /usr/lib/x86_64-linux-gnu/libgmodule-2.0.so.0.4002.0
7f0162849000-7f016284a000 r--p 00002000 08:12 2367422                    /usr/lib/x86_64-linux-gnu/libgmodule-2.0.so.0.4002.0
7f016284a000-7f016284b000 rw-p 00003000 08:12 2367422                    /usr/lib/x86_64-linux-gnu/libgmodule-2.0.so.0.4002.0
7f016284b000-7f0162951000 r-xp 00000000 08:12 13373668                   /lib/x86_64-linux-gnu/libglib-2.0.so.0.4002.0
7f0162951000-7f0162b50000 ---p 00106000 08:12 13373668                   /lib/x86_64-linux-gnu/libglib-2.0.so.0.4002.0
7f0162b50000-7f0162b51000 r--p 00105000 08:12 13373668                   /lib/x86_64-linux-gnu/libglib-2.0.so.0.4002.0
7f0162b51000-7f0162b52000 rw-p 00106000 08:12 13373668                   /lib/x86_64-linux-gnu/libglib-2.0.so.0.4002.0
7f0162b52000-7f0162b53000 rw-p 00000000 00:00 0 
7f0162b53000-7f0162ba2000 r-xp 00000000 08:12 2367438                    /usr/lib/x86_64-linux-gnu/libgobject-2.0.so.0.4002.0
7f0162ba2000-7f0162da2000 ---p 0004f000 08:12 2367438                    /usr/lib/x86_64-linux-gnu/libgobject-2.0.so.0.4002.0
7f0162da2000-7f0162da3000 r--p 0004f000 08:12 2367438                    /usr/lib/x86_64-linux-gnu/libgobject-2.0.so.0.4002.0
7f0162da3000-7f0162da4000 rw-p 00050000 08:12 2367438                    /usr/lib/x86_64-linux-gnu/libgobject-2.0.so.0.4002.0
7f0162da4000-7f0162f10000 r-xp 00000000 08:12 2367410                    /usr/lib/x86_64-linux-gnu/libgio-2.0.so.0.4002.0
7f0162f10000-7f016310f000 ---p 0016c000 08:12 2367410                    /usr/lib/x86_64-linux-gnu/libgio-2.0.so.0.4002.0
7f016310f000-7f0163113000 r--p 0016b000 08:12 2367410                    /usr/lib/x86_64-linux-gnu/libgio-2.0.so.0.4002.0
7f0163113000-7f0163115000 rw-p 0016f000 08:12 2367410                    /usr/lib/x86_64-linux-gnu/libgio-2.0.so.0.4002.0
7f0163115000-7f0163117000 rw-p 00000000 00:00 0 
7f0163117000-7f0163118000 r--s 00007000 08:12 3019422                    /root/.gradle/wrapper/dists/gradle-2.2.1-all/2m8005s69iu8v0oiejfej094b/gradle-2.2.1/lib/plugins/jarjar-maven-repository-metadata-3.0.4.jar
7f0163118000-7f0163119000 r--s 0000b000 08:12 3019421                    /root/.gradle/wrapper/dists/gradle-2.2.1-all/2m8005s69iu8v0oiejfej094b/gradle-2.2.1/lib/plugins/jarjar-maven-settings-3.0.4.jar
7f0163119000-7f0163131000 r--s 000b5000 08:12 3019477                    /root/.gradle/wrapper/dists/gradle-2.2.1-all/2m8005s69iu8v0oiejfej094b/gradle-2.2.1/lib/plugins/gradle-dependency-management-2.2.1.jar
7f0163131000-7f0163138000 r--s 00000000 08:12 2761742                    /usr/lib/x86_64-linux-gnu/gconv/gconv-modules.cache
7f0163138000-7f016314f000 r-xp 00000000 08:12 7081640                    /usr/lib/jvm/java-7-openjdk-amd64/jre/lib/amd64/libnet.so
7f016314f000-7f016334e000 ---p 00017000 08:12 7081640                    /usr/lib/jvm/java-7-openjdk-amd64/jre/lib/amd64/libnet.so
7f016334e000-7f016334f000 r--p 00016000 08:12 7081640                    /usr/lib/jvm/java-7-openjdk-amd64/jre/lib/amd64/libnet.so
7f016334f000-7f0163350000 rw-p 00017000 08:12 7081640                    /usr/lib/jvm/java-7-openjdk-amd64/jre/lib/amd64/libnet.so
7f0163350000-7f0163351000 r--s 00005000 08:12 3019372                    /root/.gradle/wrapper/dists/gradle-2.2.1-all/2m8005s69iu8v0oiejfej094b/gradle-2.2.1/lib/gradle-wrapper-2.2.1.jar
7f0163351000-7f016335a000 r--s 0002c000 08:12 3019377                    /root/.gradle/wrapper/dists/gradle-2.2.1-all/2m8005s69iu8v0oiejfej094b/gradle-2.2.1/lib/gradle-tooling-api-2.2.1.jar
7f016335a000-7f016335c000 r--s 00002000 08:12 3019401                    /root/.gradle/wrapper/dists/gradle-2.2.1-all/2m8005s69iu8v0oiejfej094b/gradle-2.2.1/lib/gradle-open-api-2.2.1.jar
7f016335c000-7f0163362000 r--s 00032000 08:12 3019403                    /root/.gradle/wrapper/dists/gradle-2.2.1-all/2m8005s69iu8v0oiejfej094b/gradle-2.2.1/lib/jaxen-1.1.jar
7f0163362000-7f0163367000 r--s 00048000 08:12 3019402                    /root/.gradle/wrapper/dists/gradle-2.2.1-all/2m8005s69iu8v0oiejfej094b/gradle-2.2.1/lib/dom4j-1.6.1.jar
7f0163367000-7f0163372000 r--s 00059000 08:12 3019376                    /root/.gradle/wrapper/dists/gradle-2.2.1-all/2m8005s69iu8v0oiejfej094b/gradle-2.2.1/lib/gradle-ui-2.2.1.jar
7f0163372000-7f0163374000 r--s 00006000 08:12 3019397                    /root/.gradle/wrapper/dists/gradle-2.2.1-all/2m8005s69iu8v0oiejfej094b/gradle-2.2.1/lib/gradle-resources-2.2.1.jar
7f0163374000-7f0163376000 r--s 00007000 08:12 3019419                    /root/.gradle/wrapper/dists/gradle-2.2.1-all/2m8005s69iu8v0oiejfej094b/gradle-2.2.1/lib/objenesis-1.2.jar
7f0163376000-7f0163378000 r--s 00000000 08:12 3019418                    /root/.gradle/wrapper/dists/gradle-2.2.1-all/2m8005s69iu8v0oiejfej094b/gradle-2.2.1/lib/minlog-1.2.jar
7f0163378000-7f016337a000 r--s 0000f000 08:12 3019417                    /root/.gradle/wrapper/dists/gradle-2.2.1-all/2m8005s69iu8v0oiejfej094b/gradle-2.2.1/lib/reflectasm-1.07-shaded.jar
7f016337a000-7f016337e000 r--s 00026000 08:12 3019408                    /root/.gradle/wrapper/dists/gradle-2.2.1-all/2m8005s69iu8v0oiejfej094b/gradle-2.2.1/lib/kryo-2.20.jar
7f016337e000-7f01633e9000 r--s 00685000 08:12 3019381                    /root/.gradle/wrapper/dists/gradle-2.2.1-all/2m8005s69iu8v0oiejfej094b/gradle-2.2.1/lib/groovy-all-2.3.6.jar
7f01633e9000-7f01633ea000 ---p 00000000 00:00 0 
7f01633ea000-7f01634ea000 rw-p 00000000 00:00 0                          [stack:7216]
7f01634ea000-7f01634ed000 ---p 00000000 00:00 0 
7f01634ed000-7f01635eb000 rw-p 00000000 00:00 0                          [stack:7215]
7f01635eb000-7f01635ee000 ---p 00000000 00:00 0 
7f01635ee000-7f01636ec000 rw-p 00000000 00:00 0                          [stack:7214]
7f01636ec000-7f01636ef000 ---p 00000000 00:00 0 
7f01636ef000-7f01637ed000 rw-p 00000000 00:00 0                          [stack:7213]
7f01637ed000-7f0164000000 r--p 00000000 08:12 2366033                    /usr/lib/locale/locale-archive
7f0164000000-7f0164021000 rw-p 00000000 00:00 0 
7f0164021000-7f0168000000 ---p 00000000 00:00 0 
7f0168000000-7f0168009000 r--s 00039000 08:12 3019396                    /root/.gradle/wrapper/dists/gradle-2.2.1-all/2m8005s69iu8v0oiejfej094b/gradle-2.2.1/lib/gradle-messaging-2.2.1.jar
7f0168009000-7f016800a000 r--s 00003000 08:12 3019416                    /root/.gradle/wrapper/dists/gradle-2.2.1-all/2m8005s69iu8v0oiejfej094b/gradle-2.2.1/lib/native-platform-freebsd-amd64-0.10.jar
7f016800a000-7f016800b000 r--s 00003000 08:12 3019415                    /root/.gradle/wrapper/dists/gradle-2.2.1-all/2m8005s69iu8v0oiejfej094b/gradle-2.2.1/lib/native-platform-freebsd-i386-0.10.jar
7f016800b000-7f016800c000 r--s 00005000 08:12 3019414                    /root/.gradle/wrapper/dists/gradle-2.2.1-all/2m8005s69iu8v0oiejfej094b/gradle-2.2.1/lib/native-platform-windows-i386-0.10.jar
7f016800c000-7f016800d000 r--s 00005000 08:12 3019413                    /root/.gradle/wrapper/dists/gradle-2.2.1-all/2m8005s69iu8v0oiejfej094b/gradle-2.2.1/lib/native-platform-windows-amd64-0.10.jar
7f016800d000-7f016800e000 r--s 00003000 08:12 3019412                    /root/.gradle/wrapper/dists/gradle-2.2.1-all/2m8005s69iu8v0oiejfej094b/gradle-2.2.1/lib/native-platform-linux-i386-0.10.jar
7f016800e000-7f016800f000 r--s 00003000 08:12 3019411                    /root/.gradle/wrapper/dists/gradle-2.2.1-all/2m8005s69iu8v0oiejfej094b/gradle-2.2.1/lib/native-platform-linux-amd64-0.10.jar
7f016800f000-7f0168010000 r--s 00002000 08:12 3019410                    /root/.gradle/wrapper/dists/gradle-2.2.1-all/2m8005s69iu8v0oiejfej094b/gradle-2.2.1/lib/native-platform-osx-amd64-0.10.jar
7f0168010000-7f0168011000 r--s 00002000 08:12 3019409                    /root/.gradle/wrapper/dists/gradle-2.2.1-all/2m8005s69iu8v0oiejfej094b/gradle-2.2.1/lib/native-platform-osx-i386-0.10.jar
7f0168011000-7f0168013000 r--s 00008000 08:12 3019406                    /root/.gradle/wrapper/dists/gradle-2.2.1-all/2m8005s69iu8v0oiejfej094b/gradle-2.2.1/lib/jansi-1.2.1.jar
7f0168013000-7f0168016000 r--s 0000d000 08:12 3019405                    /root/.gradle/wrapper/dists/gradle-2.2.1-all/2m8005s69iu8v0oiejfej094b/gradle-2.2.1/lib/native-platform-0.10.jar
7f0168016000-7f016801a000 r--s 000e4000 08:12 3019404                    /root/.gradle/wrapper/dists/gradle-2.2.1-all/2m8005s69iu8v0oiejfej094b/gradle-2.2.1/lib/jna-3.2.7.jar
7f016801a000-7f016801c000 r--s 00008000 08:12 3019378                    /root/.gradle/wrapper/dists/gradle-2.2.1-all/2m8005s69iu8v0oiejfej094b/gradle-2.2.1/lib/gradle-native-2.2.1.jar
7f016801c000-7f016801e000 r--s 00005000 08:12 3019375                    /root/.gradle/wrapper/dists/gradle-2.2.1-all/2m8005s69iu8v0oiejfej094b/gradle-2.2.1/lib/gradle-cli-2.2.1.jar
7f016801e000-7f0168020000 r--s 00003000 08:12 3019395                    /root/.gradle/wrapper/dists/gradle-2.2.1-all/2m8005s69iu8v0oiejfej094b/gradle-2.2.1/lib/gradle-base-services-groovy-2.2.1.jar
7f0168020000-7f0168022000 r--s 0000a000 08:12 3019383                    /root/.gradle/wrapper/dists/gradle-2.2.1-all/2m8005s69iu8v0oiejfej094b/gradle-2.2.1/lib/gradle-model-groovy-2.2.1.jar
7f0168022000-7f0168026000 r--s 0001b000 08:12 3019382                    /root/.gradle/wrapper/dists/gradle-2.2.1-all/2m8005s69iu8v0oiejfej094b/gradle-2.2.1/lib/gradle-model-core-2.2.1.jar
7f0168026000-7f0168027000 r--s 00000000 08:12 3019398                    /root/.gradle/wrapper/dists/gradle-2.2.1-all/2m8005s69iu8v0oiejfej094b/gradle-2.2.1/lib/gradle-docs-2.2.1.jar
7f0168027000-7f0168029000 r--s 00003000 08:12 3019400                    /root/.gradle/wrapper/dists/gradle-2.2.1-all/2m8005s69iu8v0oiejfej094b/gradle-2.2.1/lib/jcl-over-slf4j-1.7.7.jar
7f0168029000-7f016802a000 r--s 00005000 08:12 3019399                    /root/.gradle/wrapper/dists/gradle-2.2.1-all/2m8005s69iu8v0oiejfej094b/gradle-2.2.1/lib/log4j-over-slf4j-1.7.7.jar
7f016802a000-7f016802b000 r--s 00000000 08:12 3019394                    /root/.gradle/wrapper/dists/gradle-2.2.1-all/2m8005s69iu8v0oiejfej094b/gradle-2.2.1/lib/javax.inject-1.jar
7f016802b000-7f0168035000 r--s 0005d000 08:12 3019389                    /root/.gradle/wrapper/dists/gradle-2.2.1-all/2m8005s69iu8v0oiejfej094b/gradle-2.2.1/lib/logback-core-1.0.13.jar
7f0168035000-7f0168043000 r--s 0007f000 08:12 3019386                    /root/.gradle/wrapper/dists/gradle-2.2.1-all/2m8005s69iu8v0oiejfej094b/gradle-2.2.1/lib/commons-collections-3.2.1.jar
7f0168043000-7f016806b000 r--s 001cf000 08:12 3019380                    /root/.gradle/wrapper/dists/gradle-2.2.1-all/2m8005s69iu8v0oiejfej094b/gradle-2.2.1/lib/guava-jdk5-17.0.jar
7f016806b000-7f016808a000 r--s 001cc000 08:12 3019385                    /root/.gradle/wrapper/dists/gradle-2.2.1-all/2m8005s69iu8v0oiejfej094b/gradle-2.2.1/lib/ant-1.9.3.jar
7f016808a000-7f01680bb000 r--s 00191000 08:12 3019374                    /root/.gradle/wrapper/dists/gradle-2.2.1-all/2m8005s69iu8v0oiejfej094b/gradle-2.2.1/lib/gradle-core-2.2.1.jar
7f01680bb000-7f01680be000 ---p 00000000 00:00 0 
7f01680be000-7f01681bc000 rw-p 00000000 00:00 0                          [stack:7212]
7f01681bc000-7f01681bf000 ---p 00000000 00:00 0 
7f01681bf000-7f01682bd000 rw-p 00000000 00:00 0                          [stack:7211]
7f01682bd000-7f01682c0000 ---p 00000000 00:00 0 
7f01682c0000-7f01683be000 rw-p 00000000 00:00 0                          [stack:7210]
7f01683be000-7f01683bf000 ---p 00000000 00:00 0 
7f01683bf000-7f01693ce000 rw-p 00000000 00:00 0                          [stack:7209]
7f01693ce000-7f0169580000 r--s 01d32000 08:12 6949406                    /usr/lib/jvm/java-7-openjdk-amd64/jre/lib/rt.jar
7f0169580000-7f016c000000 rw-p 00000000 00:00 0 
7f016c000000-7f016c028000 rw-p 00000000 00:00 0 
7f016c028000-7f0170000000 ---p 00000000 00:00 0 
7f0170000000-7f0170003000 r--s 0001b000 08:12 3019393                    /root/.gradle/wrapper/dists/gradle-2.2.1-all/2m8005s69iu8v0oiejfej094b/gradle-2.2.1/lib/jarjar-1.3.jar
7f0170003000-7f0170005000 r--s 00000000 08:12 3019392                    /root/.gradle/wrapper/dists/gradle-2.2.1-all/2m8005s69iu8v0oiejfej094b/gradle-2.2.1/lib/jul-to-slf4j-1.7.7.jar
7f0170005000-7f0170205000 rw-p 00000000 00:00 0 
7f0170205000-7f0170206000 ---p 00000000 00:00 0 
7f0170206000-7f0170306000 rw-p 00000000 00:00 0                          [stack:7208]
7f0170306000-7f0170307000 ---p 00000000 00:00 0 
7f0170307000-7f0170407000 rw-p 00000000 00:00 0                          [stack:7207]
7f0170407000-7f0170408000 ---p 00000000 00:00 0 
7f0170408000-7f0170508000 rw-p 00000000 00:00 0                          [stack:7206]
7f0170508000-7f0170509000 ---p 00000000 00:00 0 
7f0170509000-7f017061d000 rw-p 00000000 00:00 0                          [stack:7205]
7f017061d000-7f017075f000 rw-p 00000000 00:00 0 
7f017075f000-7f0170770000 rw-p 00000000 00:00 0 
7f0170770000-7f01707df000 rw-p 00000000 00:00 0 
7f01707df000-7f01707f3000 rw-p 00000000 00:00 0 
7f01707f3000-7f0170934000 rw-p 00000000 00:00 0 
7f0170934000-7f017097f000 rw-p 00000000 00:00 0 
7f017097f000-7f01709df000 rw-p 00000000 00:00 0 
7f01709df000-7f01709e0000 rw-p 00000000 00:00 0 
7f01709e0000-7f0170d10000 rwxp 00000000 00:00 0 
7f0170d10000-7f01739e0000 rw-p 00000000 00:00 0 
7f01739e0000-7f01739e8000 r-xp 00000000 08:12 7081645                    /usr/lib/jvm/java-7-openjdk-amd64/jre/lib/amd64/libzip.so
7f01739e8000-7f0173be7000 ---p 00008000 08:12 7081645                    /usr/lib/jvm/java-7-openjdk-amd64/jre/lib/amd64/libzip.so
7f0173be7000-7f0173be8000 r--p 00007000 08:12 7081645                    /usr/lib/jvm/java-7-openjdk-amd64/jre/lib/amd64/libzip.so
7f0173be8000-7f0173be9000 rw-p 00008000 08:12 7081645                    /usr/lib/jvm/java-7-openjdk-amd64/jre/lib/amd64/libzip.so
7f0173be9000-7f0173bf3000 r-xp 00000000 08:12 13369572                   /lib/x86_64-linux-gnu/libnss_files-2.19.so
7f0173bf3000-7f0173df2000 ---p 0000a000 08:12 13369572                   /lib/x86_64-linux-gnu/libnss_files-2.19.so
7f0173df2000-7f0173df3000 r--p 00009000 08:12 13369572                   /lib/x86_64-linux-gnu/libnss_files-2.19.so
7f0173df3000-7f0173df4000 rw-p 0000a000 08:12 13369572                   /lib/x86_64-linux-gnu/libnss_files-2.19.so
7f0173df4000-7f0173dff000 r-xp 00000000 08:12 13369564                   /lib/x86_64-linux-gnu/libnss_nis-2.19.so
7f0173dff000-7f0173ffe000 ---p 0000b000 08:12 13369564                   /lib/x86_64-linux-gnu/libnss_nis-2.19.so
7f0173ffe000-7f0173fff000 r--p 0000a000 08:12 13369564                   /lib/x86_64-linux-gnu/libnss_nis-2.19.so
7f0173fff000-7f0174000000 rw-p 0000b000 08:12 13369564                   /lib/x86_64-linux-gnu/libnss_nis-2.19.so
7f0174000000-7f0174a3c000 rw-p 00000000 00:00 0 
7f0174a3c000-7f0178000000 ---p 00000000 00:00 0 
7f0178000000-7f0178001000 r--s 00000000 08:12 3019391                    /root/.gradle/wrapper/dists/gradle-2.2.1-all/2m8005s69iu8v0oiejfej094b/gradle-2.2.1/lib/jcip-annotations-1.0.jar
7f0178001000-7f0178007000 r--s 0003b000 08:12 3019390                    /root/.gradle/wrapper/dists/gradle-2.2.1-all/2m8005s69iu8v0oiejfej094b/gradle-2.2.1/lib/logback-classic-1.0.13.jar
7f0178007000-7f017800c000 r--s 00041000 08:12 3019388                    /root/.gradle/wrapper/dists/gradle-2.2.1-all/2m8005s69iu8v0oiejfej094b/gradle-2.2.1/lib/commons-lang-2.6.jar
7f017800c000-7f017801d000 rw-p 00000000 00:00 0 
7f017801d000-7f017808c000 rw-p 00000000 00:00 0 
7f017808c000-7f01780a3000 r-xp 00000000 08:12 13369560                   /lib/x86_64-linux-gnu/libnsl-2.19.so
7f01780a3000-7f01782a2000 ---p 00017000 08:12 13369560                   /lib/x86_64-linux-gnu/libnsl-2.19.so
7f01782a2000-7f01782a3000 r--p 00016000 08:12 13369560                   /lib/x86_64-linux-gnu/libnsl-2.19.so
7f01782a3000-7f01782a4000 rw-p 00017000 08:12 13369560                   /lib/x86_64-linux-gnu/libnsl-2.19.so
7f01782a4000-7f01782a6000 rw-p 00000000 00:00 0 
7f01782a6000-7f01782af000 r-xp 00000000 08:12 13369559                   /lib/x86_64-linux-gnu/libnss_compat-2.19.so
7f01782af000-7f01784ae000 ---p 00009000 08:12 13369559                   /lib/x86_64-linux-gnu/libnss_compat-2.19.so
7f01784ae000-7f01784af000 r--p 00008000 08:12 13369559                   /lib/x86_64-linux-gnu/libnss_compat-2.19.so
7f01784af000-7f01784b0000 rw-p 00009000 08:12 13369559                   /lib/x86_64-linux-gnu/libnss_compat-2.19.so
7f01784b0000-7f01784db000 r-xp 00000000 08:12 7081631                    /usr/lib/jvm/java-7-openjdk-amd64/jre/lib/amd64/libjava.so
7f01784db000-7f01786db000 ---p 0002b000 08:12 7081631                    /usr/lib/jvm/java-7-openjdk-amd64/jre/lib/amd64/libjava.so
7f01786db000-7f01786dc000 r--p 0002b000 08:12 7081631                    /usr/lib/jvm/java-7-openjdk-amd64/jre/lib/amd64/libjava.so
7f01786dc000-7f01786de000 rw-p 0002c000 08:12 7081631                    /usr/lib/jvm/java-7-openjdk-amd64/jre/lib/amd64/libjava.so
7f01786de000-7f01786ee000 r-xp 00000000 08:12 7081632                    /usr/lib/jvm/java-7-openjdk-amd64/jre/lib/amd64/libverify.so
7f01786ee000-7f01788ed000 ---p 00010000 08:12 7081632                    /usr/lib/jvm/java-7-openjdk-amd64/jre/lib/amd64/libverify.so
7f01788ed000-7f01788ef000 r--p 0000f000 08:12 7081632                    /usr/lib/jvm/java-7-openjdk-amd64/jre/lib/amd64/libverify.so
7f01788ef000-7f01788f0000 rw-p 00011000 08:12 7081632                    /usr/lib/jvm/java-7-openjdk-amd64/jre/lib/amd64/libverify.so
7f01788f0000-7f01788f7000 r-xp 00000000 08:12 13369568                   /lib/x86_64-linux-gnu/librt-2.19.so
7f01788f7000-7f0178af6000 ---p 00007000 08:12 13369568                   /lib/x86_64-linux-gnu/librt-2.19.so
7f0178af6000-7f0178af7000 r--p 00006000 08:12 13369568                   /lib/x86_64-linux-gnu/librt-2.19.so
7f0178af7000-7f0178af8000 rw-p 00007000 08:12 13369568                   /lib/x86_64-linux-gnu/librt-2.19.so
7f0178af8000-7f0178b0e000 r-xp 00000000 08:12 13373664                   /lib/x86_64-linux-gnu/libgcc_s.so.1
7f0178b0e000-7f0178d0d000 ---p 00016000 08:12 13373664                   /lib/x86_64-linux-gnu/libgcc_s.so.1
7f0178d0d000-7f0178d0e000 rw-p 00015000 08:12 13373664                   /lib/x86_64-linux-gnu/libgcc_s.so.1
7f0178d0e000-7f0178e13000 r-xp 00000000 08:12 13369554                   /lib/x86_64-linux-gnu/libm-2.19.so
7f0178e13000-7f0179012000 ---p 00105000 08:12 13369554                   /lib/x86_64-linux-gnu/libm-2.19.so
7f0179012000-7f0179013000 r--p 00104000 08:12 13369554                   /lib/x86_64-linux-gnu/libm-2.19.so
7f0179013000-7f0179014000 rw-p 00105000 08:12 13369554                   /lib/x86_64-linux-gnu/libm-2.19.so
7f0179014000-7f01790fa000 r-xp 00000000 08:12 2363545                    /usr/lib/x86_64-linux-gnu/libstdc++.so.6.0.19
7f01790fa000-7f01792f9000 ---p 000e6000 08:12 2363545                    /usr/lib/x86_64-linux-gnu/libstdc++.so.6.0.19
7f01792f9000-7f0179301000 r--p 000e5000 08:12 2363545                    /usr/lib/x86_64-linux-gnu/libstdc++.so.6.0.19
7f0179301000-7f0179303000 rw-p 000ed000 08:12 2363545                    /usr/lib/x86_64-linux-gnu/libstdc++.so.6.0.19
7f0179303000-7f0179318000 rw-p 00000000 00:00 0 
7f0179318000-7f0179e3d000 r-xp 00000000 08:12 7081643                    /usr/lib/jvm/java-7-openjdk-amd64/jre/lib/amd64/server/libjvm.so
7f0179e3d000-7f017a03d000 ---p 00b25000 08:12 7081643                    /usr/lib/jvm/java-7-openjdk-amd64/jre/lib/amd64/server/libjvm.so
7f017a03d000-7f017a0d7000 r--p 00b25000 08:12 7081643                    /usr/lib/jvm/java-7-openjdk-amd64/jre/lib/amd64/server/libjvm.so
7f017a0d7000-7f017a0fa000 rw-p 00bbf000 08:12 7081643                    /usr/lib/jvm/java-7-openjdk-amd64/jre/lib/amd64/server/libjvm.so
7f017a0fa000-7f017a129000 rw-p 00000000 00:00 0 
7f017a129000-7f017a141000 r-xp 00000000 08:12 13373800                   /lib/x86_64-linux-gnu/libz.so.1.2.8
7f017a141000-7f017a340000 ---p 00018000 08:12 13373800                   /lib/x86_64-linux-gnu/libz.so.1.2.8
7f017a340000-7f017a341000 r--p 00017000 08:12 13373800                   /lib/x86_64-linux-gnu/libz.so.1.2.8
7f017a341000-7f017a342000 rw-p 00018000 08:12 13373800                   /lib/x86_64-linux-gnu/libz.so.1.2.8
7f017a342000-7f017a35b000 r-xp 00000000 08:12 13369561                   /lib/x86_64-linux-gnu/libpthread-2.19.so
7f017a35b000-7f017a55a000 ---p 00019000 08:12 13369561                   /lib/x86_64-linux-gnu/libpthread-2.19.so
7f017a55a000-7f017a55b000 r--p 00018000 08:12 13369561                   /lib/x86_64-linux-gnu/libpthread-2.19.so
7f017a55b000-7f017a55c000 rw-p 00019000 08:12 13369561                   /lib/x86_64-linux-gnu/libpthread-2.19.so
7f017a55c000-7f017a560000 rw-p 00000000 00:00 0 
7f017a560000-7f017a563000 r-xp 00000000 08:12 13369556                   /lib/x86_64-linux-gnu/libdl-2.19.so
7f017a563000-7f017a762000 ---p 00003000 08:12 13369556                   /lib/x86_64-linux-gnu/libdl-2.19.so
7f017a762000-7f017a763000 r--p 00002000 08:12 13369556                   /lib/x86_64-linux-gnu/libdl-2.19.so
7f017a763000-7f017a764000 rw-p 00003000 08:12 13369556                   /lib/x86_64-linux-gnu/libdl-2.19.so
7f017a764000-7f017a91e000 r-xp 00000000 08:12 13369569                   /lib/x86_64-linux-gnu/libc-2.19.so
7f017a91e000-7f017ab1e000 ---p 001ba000 08:12 13369569                   /lib/x86_64-linux-gnu/libc-2.19.so
7f017ab1e000-7f017ab22000 r--p 001ba000 08:12 13369569                   /lib/x86_64-linux-gnu/libc-2.19.so
7f017ab22000-7f017ab24000 rw-p 001be000 08:12 13369569                   /lib/x86_64-linux-gnu/libc-2.19.so
7f017ab24000-7f017ab29000 rw-p 00000000 00:00 0 
7f017ab29000-7f017ab36000 r-xp 00000000 08:12 7213078                    /usr/lib/jvm/java-7-openjdk-amd64/jre/lib/amd64/jli/libjli.so
7f017ab36000-7f017ad35000 ---p 0000d000 08:12 7213078                    /usr/lib/jvm/java-7-openjdk-amd64/jre/lib/amd64/jli/libjli.so
7f017ad35000-7f017ad36000 r--p 0000c000 08:12 7213078                    /usr/lib/jvm/java-7-openjdk-amd64/jre/lib/amd64/jli/libjli.so
7f017ad36000-7f017ad37000 rw-p 0000d000 08:12 7213078                    /usr/lib/jvm/java-7-openjdk-amd64/jre/lib/amd64/jli/libjli.so
7f017ad37000-7f017ad5a000 r-xp 00000000 08:12 13369562                   /lib/x86_64-linux-gnu/ld-2.19.so
7f017ad5a000-7f017ad5d000 r--s 00018000 08:12 3019387                    /root/.gradle/wrapper/dists/gradle-2.2.1-all/2m8005s69iu8v0oiejfej094b/gradle-2.2.1/lib/commons-io-1.4.jar
7f017ad5d000-7f017ad62000 r--s 00036000 08:12 3019384                    /root/.gradle/wrapper/dists/gradle-2.2.1-all/2m8005s69iu8v0oiejfej094b/gradle-2.2.1/lib/asm-all-5.0.3.jar
7f017ad62000-7f017ad68000 r--s 00026000 08:12 3019373                    /root/.gradle/wrapper/dists/gradle-2.2.1-all/2m8005s69iu8v0oiejfej094b/gradle-2.2.1/lib/gradle-base-services-2.2.1.jar
7f017ad68000-7f017ad70000 r--s 0003c000 08:12 3019371                    /root/.gradle/wrapper/dists/gradle-2.2.1-all/2m8005s69iu8v0oiejfej094b/gradle-2.2.1/lib/gradle-launcher-2.2.1.jar
7f017ad70000-7f017ad7d000 rw-p 00000000 00:00 0 
7f017ad7d000-7f017ae30000 rw-p 00000000 00:00 0 
7f017ae30000-7f017ae33000 ---p 00000000 00:00 0 
7f017ae33000-7f017af36000 rw-p 00000000 00:00 0                          [stack:7203]
7f017af36000-7f017af38000 r--s 00006000 08:12 3019379                    /root/.gradle/wrapper/dists/gradle-2.2.1-all/2m8005s69iu8v0oiejfej094b/gradle-2.2.1/lib/slf4j-api-1.7.7.jar
7f017af38000-7f017af39000 r--s 00004000 08:12 3019407                    /root/.gradle/wrapper/dists/gradle-2.2.1-all/2m8005s69iu8v0oiejfej094b/gradle-2.2.1/lib/ant-launcher-1.9.3.jar
7f017af39000-7f017af3b000 r--s 00012000 08:12 7606412                    /usr/lib/jvm/java-7-openjdk-amd64/jre/lib/ext/zipfs.jar
7f017af3b000-7f017af3f000 r--s 00034000 08:12 7608696                    /usr/lib/jvm/java-7-openjdk-amd64/jre/lib/ext/sunjce_provider.jar
7f017af3f000-7f017af43000 r--s 0003c000 08:12 7608700                    /usr/lib/jvm/java-7-openjdk-amd64/jre/lib/ext/sunpkcs11.jar
7f017af43000-7f017af44000 r--s 00002000 08:12 7606411                    /usr/lib/jvm/java-7-openjdk-amd64/jre/lib/ext/dnsns.jar
7f017af44000-7f017af48000 r--s 00085000 08:12 7608699                    /usr/lib/jvm/java-7-openjdk-amd64/jre/lib/ext/localedata.jar
7f017af48000-7f017af4b000 r--s 0000f000 08:12 7608698                    /usr/lib/jvm/java-7-openjdk-amd64/jre/lib/ext/icedtea-sound.jar
7f017af4b000-7f017af4d000 r--s 00006000 08:12 2759447                    /usr/share/java/java-atk-wrapper.jar
7f017af4d000-7f017af55000 rw-s 00000000 08:12 18219491                   /tmp/hsperfdata_root/7201
7f017af55000-7f017af56000 rw-p 00000000 00:00 0 
7f017af56000-7f017af57000 ---p 00000000 00:00 0 
7f017af57000-7f017af59000 rw-p 00000000 00:00 0 
7f017af59000-7f017af5a000 r--p 00022000 08:12 13369562                   /lib/x86_64-linux-gnu/ld-2.19.so
7f017af5a000-7f017af5b000 rw-p 00023000 08:12 13369562                   /lib/x86_64-linux-gnu/ld-2.19.so
7f017af5b000-7f017af5c000 rw-p 00000000 00:00 0 
7fff3462d000-7fff3464e000 rw-p 00000000 00:00 0                          [stack]
7fff3469a000-7fff3469c000 r--p 00000000 00:00 0                          [vvar]
7fff3469c000-7fff3469e000 r-xp 00000000 00:00 0                          [vdso]
ffffffffff600000-ffffffffff601000 r-xp 00000000 00:00 0                  [vsyscall]

VM Arguments:
jvm_args: -XX:MaxPermSize=256m -XX:+HeapDumpOnOutOfMemoryError -Xmx1024m -Dfile.encoding=UTF-8 -Duser.country=KR -Duser.language=ko -Duser.variant 
java_command: org.gradle.launcher.daemon.bootstrap.GradleDaemon 2.2.1 /root/.gradle/daemon 10800000 29ee999b-6b0a-43ea-90e3-2a9df4c0f57a -XX:MaxPermSize=256m -XX:+HeapDumpOnOutOfMemoryError -Xmx1024m -Dfile.encoding=UTF-8 -Duser.country=KR -Duser.language=ko -Duser.variant
Launcher Type: SUN_STANDARD

Environment Variables:
JAVA_HOME=/usr/lib/jvm/java-7-openjdk-amd64
PATH=/usr/local/sbin:/usr/local/bin:/usr/sbin:/usr/bin:/sbin:/bin:/usr/lib/jvm/java-7-openjdk-amd64/bin:/home/hyeonsoo/android-sdk-linux/tools:/home/hyeonsoo/android-sdk-linux/platform-tools:/home/hyeonsoo/android/android-sdk-linux/tools:/home/hyeonsoo/android/android-sdk-linux/platforms:/home/hyeonsoo/AndroidNDK/android-ndk-r11c
USERNAME=root
LD_LIBRARY_PATH=:/home/hyeonsoo/android/android-sdk-linux/tools/lib
SHELL=/bin/bash
DISPLAY=:0

Signal Handlers:
SIGSEGV: [libjvm.so+0x9561e0], sa_mask[0]=0x7ffbfeff, sa_flags=0x10000004
SIGBUS: [libjvm.so+0x9561e0], sa_mask[0]=0x7ffbfeff, sa_flags=0x10000004
SIGFPE: [libjvm.so+0x7cc4d0], sa_mask[0]=0x7ffbfeff, sa_flags=0x10000004
SIGPIPE: [libjvm.so+0x7cc4d0], sa_mask[0]=0x7ffbfeff, sa_flags=0x10000004
SIGXFSZ: [libjvm.so+0x7cc4d0], sa_mask[0]=0x7ffbfeff, sa_flags=0x10000004
SIGILL: [libjvm.so+0x7cc4d0], sa_mask[0]=0x7ffbfeff, sa_flags=0x10000004
SIGUSR1: SIG_DFL, sa_mask[0]=0x00000000, sa_flags=0x00000000
SIGUSR2: [libjvm.so+0x7cc370], sa_mask[0]=0x00000004, sa_flags=0x10000004
SIGHUP: [libjvm.so+0x7cc550], sa_mask[0]=0x7ffbfeff, sa_flags=0x10000004
SIGINT: [libjvm.so+0x7cc550], sa_mask[0]=0x7ffbfeff, sa_flags=0x10000004
SIGTERM: [libjvm.so+0x7cc550], sa_mask[0]=0x7ffbfeff, sa_flags=0x10000004
SIGQUIT: [libjvm.so+0x7cc550], sa_mask[0]=0x7ffbfeff, sa_flags=0x10000004
SIGTRAP: SIG_DFL, sa_mask[0]=0x00000000, sa_flags=0x00000000


---------------  S Y S T E M  ---------------

OS:Ubuntu 14.04 (trusty)
uname:Linux 4.2.0-35-generic #40~14.04.1-Ubuntu SMP Fri Mar 18 16:37:35 UTC 2016 x86_64
libc:glibc 2.19 NPTL 2.19 
rlimit: STACK 8192k, CORE 0k, NPROC 15375, NOFILE 4096, AS infinity
load average:1.29 0.76 0.68

/proc/meminfo:
MemTotal:        3958188 kB
MemFree:           44952 kB
MemAvailable:      98840 kB
Buffers:            8924 kB
Cached:           746880 kB
SwapCached:            0 kB
Active:          3042240 kB
Inactive:         672856 kB
Active(anon):    3018948 kB
Inactive(anon):   650560 kB
Active(file):      23292 kB
Inactive(file):    22296 kB
Unevictable:         108 kB
Mlocked:             108 kB
SwapTotal:             0 kB
SwapFree:              0 kB
Dirty:               456 kB
Writeback:             0 kB
AnonPages:       2959516 kB
Mapped:           359400 kB
Shmem:            710100 kB
Slab:              75040 kB
SReclaimable:      37700 kB
SUnreclaim:        37340 kB
KernelStack:       10160 kB
PageTables:        57512 kB
NFS_Unstable:          0 kB
Bounce:                0 kB
WritebackTmp:          0 kB
CommitLimit:     1979092 kB
Committed_AS:    8662412 kB
VmallocTotal:   34359738367 kB
VmallocUsed:      349248 kB
VmallocChunk:   34358947836 kB
HardwareCorrupted:     0 kB
AnonHugePages:    673792 kB
CmaTotal:              0 kB
CmaFree:               0 kB
HugePages_Total:       0
HugePages_Free:        0
HugePages_Rsvd:        0
HugePages_Surp:        0
Hugepagesize:       2048 kB
DirectMap4k:      137508 kB
DirectMap2M:     3969024 kB


CPU:total 4 (2 cores per cpu, 2 threads per core) family 6 model 42 stepping 7, cmov, cx8, fxsr, mmx, sse, sse2, sse3, ssse3, sse4.1, sse4.2, popcnt, avx, aes, ht, tsc, tscinvbit

/proc/cpuinfo:
processor	: 0
vendor_id	: GenuineIntel
cpu family	: 6
model		: 42
model name	: Intel(R) Core(TM) i5-2430M CPU @ 2.40GHz
stepping	: 7
microcode	: 0x29
cpu MHz		: 809.812
cache size	: 3072 KB
physical id	: 0
siblings	: 4
core id		: 0
cpu cores	: 2
apicid		: 0
initial apicid	: 0
fpu		: yes
fpu_exception	: yes
cpuid level	: 13
wp		: yes
flags		: fpu vme de pse tsc msr pae mce cx8 apic sep mtrr pge mca cmov pat pse36 clflush dts acpi mmx fxsr sse sse2 ss ht tm pbe syscall nx rdtscp lm constant_tsc arch_perfmon pebs bts nopl xtopology nonstop_tsc aperfmperf eagerfpu pni pclmulqdq dtes64 monitor ds_cpl vmx est tm2 ssse3 cx16 xtpr pdcm pcid sse4_1 sse4_2 x2apic popcnt tsc_deadline_timer aes xsave avx lahf_lm ida arat epb pln pts dtherm tpr_shadow vnmi flexpriority ept vpid xsaveopt
bugs		:
bogomips	: 4789.19
clflush size	: 64
cache_alignment	: 64
address sizes	: 36 bits physical, 48 bits virtual
power management:

processor	: 1
vendor_id	: GenuineIntel
cpu family	: 6
model		: 42
model name	: Intel(R) Core(TM) i5-2430M CPU @ 2.40GHz
stepping	: 7
microcode	: 0x29
cpu MHz		: 805.406
cache size	: 3072 KB
physical id	: 0
siblings	: 4
core id		: 0
cpu cores	: 2
apicid		: 1
initial apicid	: 1
fpu		: yes
fpu_exception	: yes
cpuid level	: 13
wp		: yes
flags		: fpu vme de pse tsc msr pae mce cx8 apic sep mtrr pge mca cmov pat pse36 clflush dts acpi mmx fxsr sse sse2 ss ht tm pbe syscall nx rdtscp lm constant_tsc arch_perfmon pebs bts nopl xtopology nonstop_tsc aperfmperf eagerfpu pni pclmulqdq dtes64 monitor ds_cpl vmx est tm2 ssse3 cx16 xtpr pdcm pcid sse4_1 sse4_2 x2apic popcnt tsc_deadline_timer aes xsave avx lahf_lm ida arat epb pln pts dtherm tpr_shadow vnmi flexpriority ept vpid xsaveopt
bugs		:
bogomips	: 4789.19
clflush size	: 64
cache_alignment	: 64
address sizes	: 36 bits physical, 48 bits virtual
power management:

processor	: 2
vendor_id	: GenuineIntel
cpu family	: 6
model		: 42
model name	: Intel(R) Core(TM) i5-2430M CPU @ 2.40GHz
stepping	: 7
microcode	: 0x29
cpu MHz		: 802.781
cache size	: 3072 KB
physical id	: 0
siblings	: 4
core id		: 1
cpu cores	: 2
apicid		: 2
initial apicid	: 2
fpu		: yes
fpu_exception	: yes
cpuid level	: 13
wp		: yes
flags		: fpu vme de pse tsc msr pae mce cx8 apic sep mtrr pge mca cmov pat pse36 clflush dts acpi mmx fxsr sse sse2 ss ht tm pbe syscall nx rdtscp lm constant_tsc arch_perfmon pebs bts nopl xtopology nonstop_tsc aperfmperf eagerfpu pni pclmulqdq dtes64 monitor ds_cpl vmx est tm2 ssse3 cx16 xtpr pdcm pcid sse4_1 sse4_2 x2apic popcnt tsc_deadline_timer aes xsave avx lahf_lm ida arat epb pln pts dtherm tpr_shadow vnmi flexpriority ept vpid xsaveopt
bugs		:
bogomips	: 4789.19
clflush size	: 64
cache_alignment	: 64
address sizes	: 36 bits physical, 48 bits virtual
power management:

processor	: 3
vendor_id	: GenuineIntel
cpu family	: 6
model		: 42
model name	: Intel(R) Core(TM) i5-2430M CPU @ 2.40GHz
stepping	: 7
microcode	: 0x29
cpu MHz		: 889.125
cache size	: 3072 KB
physical id	: 0
siblings	: 4
core id		: 1
cpu cores	: 2
apicid		: 3
initial apicid	: 3
fpu		: yes
fpu_exception	: yes
cpuid level	: 13
wp		: yes
flags		: fpu vme de pse tsc msr pae mce cx8 apic sep mtrr pge mca cmov pat pse36 clflush dts acpi mmx fxsr sse sse2 ss ht tm pbe syscall nx rdtscp lm constant_tsc arch_perfmon pebs bts nopl xtopology nonstop_tsc aperfmperf eagerfpu pni pclmulqdq dtes64 monitor ds_cpl vmx est tm2 ssse3 cx16 xtpr pdcm pcid sse4_1 sse4_2 x2apic popcnt tsc_deadline_timer aes xsave avx lahf_lm ida arat epb pln pts dtherm tpr_shadow vnmi flexpriority ept vpid xsaveopt
bugs		:
bogomips	: 4789.19
clflush size	: 64
cache_alignment	: 64
address sizes	: 36 bits physical, 48 bits virtual
power management:



Memory: 4k page, physical 3958188k(44952k free), swap 0k(0k free)

vm_info: OpenJDK 64-Bit Server VM (24.95-b01) for linux-amd64 JRE (1.7.0_101-b00), built on Apr 24 2016 20:39:29 by "buildd" with gcc 4.8.2

time: Fri Jul  8 20:34:42 2016
elapsed time: 21 seconds

